29-Jul-2016 10:04:08.682 SEVERE [WrapperSimpleAppMain] org.apache.catalina.startup.Catalina.initDirs Cannot find specified temporary folder at ../tomcat/temp
29-Jul-2016 10:04:09.026 INFO [WrapperSimpleAppMain] org.apache.coyote.AbstractProtocol.init Initializing ProtocolHandler ["http-nio-18088"]
29-Jul-2016 10:04:09.120 INFO [WrapperSimpleAppMain] org.apache.tomcat.util.net.NioSelectorPool.getSharedSelector Using a shared selector for servlet write/read
29-Jul-2016 10:04:09.120 INFO [WrapperSimpleAppMain] org.apache.catalina.startup.Catalina.load Initialization processed in 448 ms
29-Jul-2016 10:04:09.135 INFO [WrapperSimpleAppMain] org.apache.catalina.core.StandardService.startInternal Starting service Catalina
29-Jul-2016 10:04:09.135 INFO [WrapperSimpleAppMain] org.apache.catalina.core.StandardEngine.startInternal Starting Servlet Engine: Apache Tomcat/8.0.15
29-Jul-2016 10:04:14.839 SEVERE [localhost-startStop-1] org.apache.catalina.core.StandardContext.startInternal Error listenerStart
29-Jul-2016 10:04:14.839 SEVERE [localhost-startStop-1] org.apache.catalina.core.StandardContext.startInternal Context [/api] startup failed due to previous errors
29-Jul-2016 10:04:14.839 WARNING [localhost-startStop-1] org.apache.catalina.loader.WebappClassLoaderBase.clearReferencesJdbc The web application [api] registered the JDBC driver [org.h2.Driver] but failed to unregister it when the web application was stopped. To prevent a memory leak, the JDBC Driver has been forcibly unregistered.
29-Jul-2016 10:04:14.839 WARNING [localhost-startStop-1] org.apache.catalina.loader.WebappClassLoaderBase.clearReferencesJdbc The web application [api] registered the JDBC driver [com.mysql.jdbc.Driver] but failed to unregister it when the web application was stopped. To prevent a memory leak, the JDBC Driver has been forcibly unregistered.
29-Jul-2016 10:04:14.839 WARNING [localhost-startStop-1] org.apache.catalina.loader.WebappClassLoaderBase.clearReferencesJdbc The web application [api] registered the JDBC driver [com.mysql.fabric.jdbc.FabricMySQLDriver] but failed to unregister it when the web application was stopped. To prevent a memory leak, the JDBC Driver has been forcibly unregistered.
29-Jul-2016 10:04:14.839 WARNING [localhost-startStop-1] org.apache.catalina.loader.WebappClassLoaderBase.clearReferencesThreads The web application [api] appears to have started a thread named [FileWatchdog] but has failed to stop it. This is very likely to create a memory leak. Stack trace of thread:
 java.lang.Thread.sleep(Native Method)
 org.apache.log4j.helpers.FileWatchdog.run(FileWatchdog.java:104)
29-Jul-2016 10:04:14.839 WARNING [localhost-startStop-1] org.apache.catalina.loader.WebappClassLoaderBase.clearReferencesThreads The web application [api] appears to have started a thread named [Abandoned connection cleanup thread] but has failed to stop it. This is very likely to create a memory leak. Stack trace of thread:
 java.lang.Object.wait(Native Method)
 java.lang.ref.ReferenceQueue.remove(Unknown Source)
 com.mysql.jdbc.AbandonedConnectionCleanupThread.run(AbandonedConnectionCleanupThread.java:41)
29-Jul-2016 10:04:14.854 INFO [WrapperSimpleAppMain] org.apache.coyote.AbstractProtocol.start Starting ProtocolHandler ["http-nio-18088"]
29-Jul-2016 10:04:14.870 INFO [WrapperSimpleAppMain] org.apache.catalina.startup.Catalina.start Server startup in 5737 ms
29-Jul-2016 10:07:50.925 INFO [Thread-4] org.apache.coyote.AbstractProtocol.pause Pausing ProtocolHandler ["http-nio-18088"]
29-Jul-2016 10:07:50.988 INFO [Thread-4] org.apache.catalina.core.StandardService.stopInternal Stopping service Catalina
29-Jul-2016 10:07:50.988 INFO [Thread-4] org.apache.coyote.AbstractProtocol.stop Stopping ProtocolHandler ["http-nio-18088"]
29-Jul-2016 10:07:50.988 INFO [Thread-4] org.apache.coyote.AbstractProtocol.destroy Destroying ProtocolHandler ["http-nio-18088"]
29-Jul-2016 10:07:55.393 SEVERE [WrapperSimpleAppMain] org.apache.catalina.startup.Catalina.initDirs Cannot find specified temporary folder at ../tomcat/temp
29-Jul-2016 10:07:55.706 INFO [WrapperSimpleAppMain] org.apache.coyote.AbstractProtocol.init Initializing ProtocolHandler ["http-nio-18088"]
29-Jul-2016 10:07:55.768 INFO [WrapperSimpleAppMain] org.apache.tomcat.util.net.NioSelectorPool.getSharedSelector Using a shared selector for servlet write/read
29-Jul-2016 10:07:55.768 INFO [WrapperSimpleAppMain] org.apache.catalina.startup.Catalina.load Initialization processed in 381 ms
29-Jul-2016 10:07:55.784 INFO [WrapperSimpleAppMain] org.apache.catalina.core.StandardService.startInternal Starting service Catalina
29-Jul-2016 10:07:55.784 INFO [WrapperSimpleAppMain] org.apache.catalina.core.StandardEngine.startInternal Starting Servlet Engine: Apache Tomcat/8.0.15
29-Jul-2016 10:08:00.954 SEVERE [localhost-startStop-1] org.apache.catalina.core.StandardContext.startInternal Error listenerStart
29-Jul-2016 10:08:00.954 SEVERE [localhost-startStop-1] org.apache.catalina.core.StandardContext.startInternal Context [/api] startup failed due to previous errors
29-Jul-2016 10:08:00.970 WARNING [localhost-startStop-1] org.apache.catalina.loader.WebappClassLoaderBase.clearReferencesJdbc The web application [api] registered the JDBC driver [org.h2.Driver] but failed to unregister it when the web application was stopped. To prevent a memory leak, the JDBC Driver has been forcibly unregistered.
29-Jul-2016 10:08:00.970 WARNING [localhost-startStop-1] org.apache.catalina.loader.WebappClassLoaderBase.clearReferencesJdbc The web application [api] registered the JDBC driver [com.mysql.jdbc.Driver] but failed to unregister it when the web application was stopped. To prevent a memory leak, the JDBC Driver has been forcibly unregistered.
29-Jul-2016 10:08:00.970 WARNING [localhost-startStop-1] org.apache.catalina.loader.WebappClassLoaderBase.clearReferencesJdbc The web application [api] registered the JDBC driver [com.mysql.fabric.jdbc.FabricMySQLDriver] but failed to unregister it when the web application was stopped. To prevent a memory leak, the JDBC Driver has been forcibly unregistered.
29-Jul-2016 10:08:00.970 WARNING [localhost-startStop-1] org.apache.catalina.loader.WebappClassLoaderBase.clearReferencesThreads The web application [api] appears to have started a thread named [FileWatchdog] but has failed to stop it. This is very likely to create a memory leak. Stack trace of thread:
 java.lang.Thread.sleep(Native Method)
 org.apache.log4j.helpers.FileWatchdog.run(FileWatchdog.java:104)
29-Jul-2016 10:08:00.970 WARNING [localhost-startStop-1] org.apache.catalina.loader.WebappClassLoaderBase.clearReferencesThreads The web application [api] appears to have started a thread named [Abandoned connection cleanup thread] but has failed to stop it. This is very likely to create a memory leak. Stack trace of thread:
 java.lang.Object.wait(Native Method)
 java.lang.ref.ReferenceQueue.remove(Unknown Source)
 com.mysql.jdbc.AbandonedConnectionCleanupThread.run(AbandonedConnectionCleanupThread.java:41)
29-Jul-2016 10:08:00.970 INFO [WrapperSimpleAppMain] org.apache.coyote.AbstractProtocol.start Starting ProtocolHandler ["http-nio-18088"]
29-Jul-2016 10:08:00.985 INFO [WrapperSimpleAppMain] org.apache.catalina.startup.Catalina.start Server startup in 5208 ms
29-Jul-2016 10:08:11.842 INFO [Thread-4] org.apache.coyote.AbstractProtocol.pause Pausing ProtocolHandler ["http-nio-18088"]
29-Jul-2016 10:08:11.906 INFO [Thread-4] org.apache.catalina.core.StandardService.stopInternal Stopping service Catalina
29-Jul-2016 10:08:11.930 INFO [Thread-4] org.apache.coyote.AbstractProtocol.stop Stopping ProtocolHandler ["http-nio-18088"]
29-Jul-2016 10:08:11.938 INFO [Thread-4] org.apache.coyote.AbstractProtocol.destroy Destroying ProtocolHandler ["http-nio-18088"]
29-Jul-2016 10:08:36.355 SEVERE [WrapperSimpleAppMain] org.apache.catalina.startup.Catalina.initDirs Cannot find specified temporary folder at ../tomcat/temp
29-Jul-2016 10:08:36.715 INFO [WrapperSimpleAppMain] org.apache.coyote.AbstractProtocol.init Initializing ProtocolHandler ["http-nio-18088"]
29-Jul-2016 10:08:36.777 INFO [WrapperSimpleAppMain] org.apache.tomcat.util.net.NioSelectorPool.getSharedSelector Using a shared selector for servlet write/read
29-Jul-2016 10:08:36.777 INFO [WrapperSimpleAppMain] org.apache.catalina.startup.Catalina.load Initialization processed in 428 ms
29-Jul-2016 10:08:36.793 INFO [WrapperSimpleAppMain] org.apache.catalina.core.StandardService.startInternal Starting service Catalina
29-Jul-2016 10:08:36.793 INFO [WrapperSimpleAppMain] org.apache.catalina.core.StandardEngine.startInternal Starting Servlet Engine: Apache Tomcat/8.0.15
29-Jul-2016 10:08:42.418 INFO [WrapperSimpleAppMain] org.apache.coyote.AbstractProtocol.start Starting ProtocolHandler ["http-nio-18088"]
29-Jul-2016 10:08:42.418 INFO [WrapperSimpleAppMain] org.apache.catalina.startup.Catalina.start Server startup in 5638 ms
29-Jul-2016 10:12:45.528 INFO [Thread-4] org.apache.coyote.AbstractProtocol.pause Pausing ProtocolHandler ["http-nio-18088"]
29-Jul-2016 10:12:45.591 INFO [Thread-4] org.apache.catalina.core.StandardService.stopInternal Stopping service Catalina
29-Jul-2016 10:13:31.070 SEVERE [WrapperSimpleAppMain] org.apache.catalina.startup.Catalina.initDirs Cannot find specified temporary folder at ../tomcat/temp
29-Jul-2016 10:13:31.367 INFO [WrapperSimpleAppMain] org.apache.coyote.AbstractProtocol.init Initializing ProtocolHandler ["http-nio-18088"]
29-Jul-2016 10:13:31.429 INFO [WrapperSimpleAppMain] org.apache.tomcat.util.net.NioSelectorPool.getSharedSelector Using a shared selector for servlet write/read
29-Jul-2016 10:13:31.429 INFO [WrapperSimpleAppMain] org.apache.catalina.startup.Catalina.load Initialization processed in 362 ms
29-Jul-2016 10:13:31.445 INFO [WrapperSimpleAppMain] org.apache.catalina.core.StandardService.startInternal Starting service Catalina
29-Jul-2016 10:13:31.445 INFO [WrapperSimpleAppMain] org.apache.catalina.core.StandardEngine.startInternal Starting Servlet Engine: Apache Tomcat/8.0.15
29-Jul-2016 10:13:37.610 INFO [WrapperSimpleAppMain] org.apache.coyote.AbstractProtocol.start Starting ProtocolHandler ["http-nio-18088"]
29-Jul-2016 10:13:37.626 INFO [WrapperSimpleAppMain] org.apache.catalina.startup.Catalina.start Server startup in 6191 ms
29-Jul-2016 10:36:36.869 INFO [Thread-4] org.apache.coyote.AbstractProtocol.pause Pausing ProtocolHandler ["http-nio-18088"]
29-Jul-2016 10:36:36.931 INFO [Thread-4] org.apache.catalina.core.StandardService.stopInternal Stopping service Catalina
29-Jul-2016 10:36:36.963 WARNING [localhost-startStop-2] org.apache.catalina.loader.WebappClassLoaderBase.clearReferencesJdbc The web application [api] registered the JDBC driver [org.h2.Driver] but failed to unregister it when the web application was stopped. To prevent a memory leak, the JDBC Driver has been forcibly unregistered.
29-Jul-2016 10:36:36.963 WARNING [localhost-startStop-2] org.apache.catalina.loader.WebappClassLoaderBase.clearReferencesJdbc The web application [api] registered the JDBC driver [com.mysql.jdbc.Driver] but failed to unregister it when the web application was stopped. To prevent a memory leak, the JDBC Driver has been forcibly unregistered.
29-Jul-2016 10:36:36.963 WARNING [localhost-startStop-2] org.apache.catalina.loader.WebappClassLoaderBase.clearReferencesJdbc The web application [api] registered the JDBC driver [com.mysql.fabric.jdbc.FabricMySQLDriver] but failed to unregister it when the web application was stopped. To prevent a memory leak, the JDBC Driver has been forcibly unregistered.
29-Jul-2016 10:36:36.963 WARNING [localhost-startStop-2] org.apache.catalina.loader.WebappClassLoaderBase.clearReferencesThreads The web application [api] appears to have started a thread named [FileWatchdog] but has failed to stop it. This is very likely to create a memory leak. Stack trace of thread:
 java.lang.Thread.sleep(Native Method)
 org.apache.log4j.helpers.FileWatchdog.run(FileWatchdog.java:104)
29-Jul-2016 10:36:36.963 WARNING [localhost-startStop-2] org.apache.catalina.loader.WebappClassLoaderBase.clearReferencesThreads The web application [api] appears to have started a thread named [Abandoned connection cleanup thread] but has failed to stop it. This is very likely to create a memory leak. Stack trace of thread:
 java.lang.Object.wait(Native Method)
 java.lang.ref.ReferenceQueue.remove(Unknown Source)
 com.mysql.jdbc.AbandonedConnectionCleanupThread.run(AbandonedConnectionCleanupThread.java:41)
29-Jul-2016 10:36:36.978 INFO [Thread-4] org.apache.coyote.AbstractProtocol.stop Stopping ProtocolHandler ["http-nio-18088"]
29-Jul-2016 10:36:36.978 INFO [Thread-4] org.apache.coyote.AbstractProtocol.destroy Destroying ProtocolHandler ["http-nio-18088"]
29-Jul-2016 10:37:02.662 SEVERE [WrapperSimpleAppMain] org.apache.catalina.startup.Catalina.initDirs Cannot find specified temporary folder at ../tomcat/temp
29-Jul-2016 10:37:02.959 INFO [WrapperSimpleAppMain] org.apache.coyote.AbstractProtocol.init Initializing ProtocolHandler ["http-nio-18088"]
29-Jul-2016 10:37:03.021 INFO [WrapperSimpleAppMain] org.apache.tomcat.util.net.NioSelectorPool.getSharedSelector Using a shared selector for servlet write/read
29-Jul-2016 10:37:03.021 INFO [WrapperSimpleAppMain] org.apache.catalina.startup.Catalina.load Initialization processed in 353 ms
29-Jul-2016 10:37:03.021 INFO [WrapperSimpleAppMain] org.apache.catalina.core.StandardService.startInternal Starting service Catalina
29-Jul-2016 10:37:03.021 INFO [WrapperSimpleAppMain] org.apache.catalina.core.StandardEngine.startInternal Starting Servlet Engine: Apache Tomcat/8.0.15
29-Jul-2016 10:37:09.086 INFO [WrapperSimpleAppMain] org.apache.coyote.AbstractProtocol.start Starting ProtocolHandler ["http-nio-18088"]
29-Jul-2016 10:37:09.086 INFO [WrapperSimpleAppMain] org.apache.catalina.startup.Catalina.start Server startup in 6069 ms
29-Jul-2016 10:41:06.107 INFO [ContainerBackgroundProcessor[StandardEngine[Catalina]]] org.apache.catalina.core.StandardContext.reload Reloading Context with name [/api] has started
29-Jul-2016 10:41:06.129 WARNING [ContainerBackgroundProcessor[StandardEngine[Catalina]]] org.apache.catalina.loader.WebappClassLoaderBase.clearReferencesJdbc The web application [api] registered the JDBC driver [org.h2.Driver] but failed to unregister it when the web application was stopped. To prevent a memory leak, the JDBC Driver has been forcibly unregistered.
29-Jul-2016 10:41:06.129 WARNING [ContainerBackgroundProcessor[StandardEngine[Catalina]]] org.apache.catalina.loader.WebappClassLoaderBase.clearReferencesJdbc The web application [api] registered the JDBC driver [com.mysql.jdbc.Driver] but failed to unregister it when the web application was stopped. To prevent a memory leak, the JDBC Driver has been forcibly unregistered.
29-Jul-2016 10:41:06.129 WARNING [ContainerBackgroundProcessor[StandardEngine[Catalina]]] org.apache.catalina.loader.WebappClassLoaderBase.clearReferencesJdbc The web application [api] registered the JDBC driver [com.mysql.fabric.jdbc.FabricMySQLDriver] but failed to unregister it when the web application was stopped. To prevent a memory leak, the JDBC Driver has been forcibly unregistered.
29-Jul-2016 10:41:06.130 WARNING [ContainerBackgroundProcessor[StandardEngine[Catalina]]] org.apache.catalina.loader.WebappClassLoaderBase.clearReferencesThreads The web application [api] appears to have started a thread named [FileWatchdog] but has failed to stop it. This is very likely to create a memory leak. Stack trace of thread:
 java.lang.Thread.sleep(Native Method)
 org.apache.log4j.helpers.FileWatchdog.run(FileWatchdog.java:104)
29-Jul-2016 10:41:06.130 WARNING [ContainerBackgroundProcessor[StandardEngine[Catalina]]] org.apache.catalina.loader.WebappClassLoaderBase.clearReferencesThreads The web application [api] appears to have started a thread named [Abandoned connection cleanup thread] but has failed to stop it. This is very likely to create a memory leak. Stack trace of thread:
 java.lang.Object.wait(Native Method)
 java.lang.ref.ReferenceQueue.remove(Unknown Source)
 com.mysql.jdbc.AbandonedConnectionCleanupThread.run(AbandonedConnectionCleanupThread.java:41)
29-Jul-2016 10:41:09.606 SEVERE [ContainerBackgroundProcessor[StandardEngine[Catalina]]] org.apache.catalina.core.StandardContext.startInternal Error listenerStart
29-Jul-2016 10:41:09.606 SEVERE [ContainerBackgroundProcessor[StandardEngine[Catalina]]] org.apache.catalina.core.StandardContext.startInternal Context [/api] startup failed due to previous errors
29-Jul-2016 10:41:09.606 INFO [ContainerBackgroundProcessor[StandardEngine[Catalina]]] org.apache.catalina.core.StandardContext.reload Reloading Context with name [/api] is completed
29-Jul-2016 10:41:40.408 INFO [Thread-4] org.apache.coyote.AbstractProtocol.pause Pausing ProtocolHandler ["http-nio-18088"]
29-Jul-2016 10:41:40.471 INFO [Thread-4] org.apache.catalina.core.StandardService.stopInternal Stopping service Catalina
29-Jul-2016 10:41:40.471 INFO [Thread-4] org.apache.coyote.AbstractProtocol.stop Stopping ProtocolHandler ["http-nio-18088"]
29-Jul-2016 10:41:40.471 INFO [Thread-4] org.apache.coyote.AbstractProtocol.destroy Destroying ProtocolHandler ["http-nio-18088"]
29-Jul-2016 10:42:37.399 SEVERE [WrapperSimpleAppMain] org.apache.catalina.startup.Catalina.initDirs Cannot find specified temporary folder at ../tomcat/temp
29-Jul-2016 10:42:37.695 INFO [WrapperSimpleAppMain] org.apache.coyote.AbstractProtocol.init Initializing ProtocolHandler ["http-nio-18088"]
29-Jul-2016 10:42:37.758 INFO [WrapperSimpleAppMain] org.apache.tomcat.util.net.NioSelectorPool.getSharedSelector Using a shared selector for servlet write/read
29-Jul-2016 10:42:37.774 INFO [WrapperSimpleAppMain] org.apache.catalina.startup.Catalina.load Initialization processed in 366 ms
29-Jul-2016 10:42:37.774 INFO [WrapperSimpleAppMain] org.apache.catalina.core.StandardService.startInternal Starting service Catalina
29-Jul-2016 10:42:37.774 INFO [WrapperSimpleAppMain] org.apache.catalina.core.StandardEngine.startInternal Starting Servlet Engine: Apache Tomcat/8.0.15
29-Jul-2016 10:42:41.714 SEVERE [localhost-startStop-1] org.apache.catalina.core.StandardContext.startInternal Error listenerStart
29-Jul-2016 10:42:41.995 INFO [localhost-startStop-1] org.apache.catalina.util.SessionIdGeneratorBase.createSecureRandom Creation of SecureRandom instance for session ID generation using [SHA1PRNG] took [280] milliseconds.
29-Jul-2016 10:42:41.995 SEVERE [localhost-startStop-1] org.apache.catalina.core.StandardContext.startInternal Context [/api] startup failed due to previous errors
29-Jul-2016 10:42:42.005 WARNING [localhost-startStop-1] org.apache.catalina.loader.WebappClassLoaderBase.clearReferencesJdbc The web application [api] registered the JDBC driver [org.h2.Driver] but failed to unregister it when the web application was stopped. To prevent a memory leak, the JDBC Driver has been forcibly unregistered.
29-Jul-2016 10:42:42.005 WARNING [localhost-startStop-1] org.apache.catalina.loader.WebappClassLoaderBase.clearReferencesJdbc The web application [api] registered the JDBC driver [com.mysql.jdbc.Driver] but failed to unregister it when the web application was stopped. To prevent a memory leak, the JDBC Driver has been forcibly unregistered.
29-Jul-2016 10:42:42.006 WARNING [localhost-startStop-1] org.apache.catalina.loader.WebappClassLoaderBase.clearReferencesJdbc The web application [api] registered the JDBC driver [com.mysql.fabric.jdbc.FabricMySQLDriver] but failed to unregister it when the web application was stopped. To prevent a memory leak, the JDBC Driver has been forcibly unregistered.
29-Jul-2016 10:42:42.006 WARNING [localhost-startStop-1] org.apache.catalina.loader.WebappClassLoaderBase.clearReferencesThreads The web application [api] appears to have started a thread named [Abandoned connection cleanup thread] but has failed to stop it. This is very likely to create a memory leak. Stack trace of thread:
 java.lang.Object.wait(Native Method)
 java.lang.ref.ReferenceQueue.remove(Unknown Source)
 com.mysql.jdbc.AbandonedConnectionCleanupThread.run(AbandonedConnectionCleanupThread.java:41)
29-Jul-2016 10:42:42.011 INFO [WrapperSimpleAppMain] org.apache.coyote.AbstractProtocol.start Starting ProtocolHandler ["http-nio-18088"]
29-Jul-2016 10:42:42.011 INFO [WrapperSimpleAppMain] org.apache.catalina.startup.Catalina.start Server startup in 4248 ms
29-Jul-2016 10:49:11.223 INFO [Thread-4] org.apache.coyote.AbstractProtocol.pause Pausing ProtocolHandler ["http-nio-18088"]
29-Jul-2016 10:49:11.332 INFO [Thread-4] org.apache.catalina.core.StandardService.stopInternal Stopping service Catalina
29-Jul-2016 10:49:11.332 INFO [Thread-4] org.apache.coyote.AbstractProtocol.stop Stopping ProtocolHandler ["http-nio-18088"]
29-Jul-2016 10:49:11.332 INFO [Thread-4] org.apache.coyote.AbstractProtocol.destroy Destroying ProtocolHandler ["http-nio-18088"]
29-Jul-2016 10:50:55.156 SEVERE [WrapperSimpleAppMain] org.apache.catalina.startup.Catalina.initDirs Cannot find specified temporary folder at ../tomcat/temp
29-Jul-2016 10:50:55.453 INFO [WrapperSimpleAppMain] org.apache.coyote.AbstractProtocol.init Initializing ProtocolHandler ["http-nio-18088"]
29-Jul-2016 10:50:55.515 INFO [WrapperSimpleAppMain] org.apache.tomcat.util.net.NioSelectorPool.getSharedSelector Using a shared selector for servlet write/read
29-Jul-2016 10:50:55.515 INFO [WrapperSimpleAppMain] org.apache.catalina.startup.Catalina.load Initialization processed in 366 ms
29-Jul-2016 10:50:55.531 INFO [WrapperSimpleAppMain] org.apache.catalina.core.StandardService.startInternal Starting service Catalina
29-Jul-2016 10:50:55.531 INFO [WrapperSimpleAppMain] org.apache.catalina.core.StandardEngine.startInternal Starting Servlet Engine: Apache Tomcat/8.0.15
29-Jul-2016 10:50:59.660 SEVERE [localhost-startStop-1] org.apache.catalina.core.StandardContext.startInternal Error listenerStart
29-Jul-2016 10:50:59.941 INFO [localhost-startStop-1] org.apache.catalina.util.SessionIdGeneratorBase.createSecureRandom Creation of SecureRandom instance for session ID generation using [SHA1PRNG] took [281] milliseconds.
29-Jul-2016 10:50:59.941 SEVERE [localhost-startStop-1] org.apache.catalina.core.StandardContext.startInternal Context [/api] startup failed due to previous errors
29-Jul-2016 10:50:59.957 WARNING [localhost-startStop-1] org.apache.catalina.loader.WebappClassLoaderBase.clearReferencesJdbc The web application [api] registered the JDBC driver [org.h2.Driver] but failed to unregister it when the web application was stopped. To prevent a memory leak, the JDBC Driver has been forcibly unregistered.
29-Jul-2016 10:50:59.957 WARNING [localhost-startStop-1] org.apache.catalina.loader.WebappClassLoaderBase.clearReferencesJdbc The web application [api] registered the JDBC driver [com.mysql.jdbc.Driver] but failed to unregister it when the web application was stopped. To prevent a memory leak, the JDBC Driver has been forcibly unregistered.
29-Jul-2016 10:50:59.957 WARNING [localhost-startStop-1] org.apache.catalina.loader.WebappClassLoaderBase.clearReferencesJdbc The web application [api] registered the JDBC driver [com.mysql.fabric.jdbc.FabricMySQLDriver] but failed to unregister it when the web application was stopped. To prevent a memory leak, the JDBC Driver has been forcibly unregistered.
29-Jul-2016 10:50:59.957 WARNING [localhost-startStop-1] org.apache.catalina.loader.WebappClassLoaderBase.clearReferencesThreads The web application [api] appears to have started a thread named [Abandoned connection cleanup thread] but has failed to stop it. This is very likely to create a memory leak. Stack trace of thread:
 java.lang.Object.wait(Native Method)
 java.lang.ref.ReferenceQueue.remove(Unknown Source)
 com.mysql.jdbc.AbandonedConnectionCleanupThread.run(AbandonedConnectionCleanupThread.java:41)
29-Jul-2016 10:50:59.957 INFO [WrapperSimpleAppMain] org.apache.coyote.AbstractProtocol.start Starting ProtocolHandler ["http-nio-18088"]
29-Jul-2016 10:50:59.981 INFO [WrapperSimpleAppMain] org.apache.catalina.startup.Catalina.start Server startup in 4454 ms
29-Jul-2016 10:52:09.872 INFO [Thread-4] org.apache.coyote.AbstractProtocol.pause Pausing ProtocolHandler ["http-nio-18088"]
29-Jul-2016 10:52:09.997 INFO [Thread-4] org.apache.catalina.core.StandardService.stopInternal Stopping service Catalina
29-Jul-2016 10:52:09.997 INFO [Thread-4] org.apache.coyote.AbstractProtocol.stop Stopping ProtocolHandler ["http-nio-18088"]
29-Jul-2016 10:52:09.997 INFO [Thread-4] org.apache.coyote.AbstractProtocol.destroy Destroying ProtocolHandler ["http-nio-18088"]
29-Jul-2016 10:52:14.880 SEVERE [WrapperSimpleAppMain] org.apache.catalina.startup.Catalina.initDirs Cannot find specified temporary folder at ../tomcat/temp
29-Jul-2016 10:52:15.177 INFO [WrapperSimpleAppMain] org.apache.coyote.AbstractProtocol.init Initializing ProtocolHandler ["http-nio-18088"]
29-Jul-2016 10:52:15.239 INFO [WrapperSimpleAppMain] org.apache.tomcat.util.net.NioSelectorPool.getSharedSelector Using a shared selector for servlet write/read
29-Jul-2016 10:52:15.239 INFO [WrapperSimpleAppMain] org.apache.catalina.startup.Catalina.load Initialization processed in 360 ms
29-Jul-2016 10:52:15.239 INFO [WrapperSimpleAppMain] org.apache.catalina.core.StandardService.startInternal Starting service Catalina
29-Jul-2016 10:52:15.239 INFO [WrapperSimpleAppMain] org.apache.catalina.core.StandardEngine.startInternal Starting Servlet Engine: Apache Tomcat/8.0.15
29-Jul-2016 10:52:21.363 INFO [WrapperSimpleAppMain] org.apache.coyote.AbstractProtocol.start Starting ProtocolHandler ["http-nio-18088"]
29-Jul-2016 10:52:21.363 INFO [WrapperSimpleAppMain] org.apache.catalina.startup.Catalina.start Server startup in 6127 ms
29-Jul-2016 10:55:02.848 INFO [Thread-4] org.apache.coyote.AbstractProtocol.pause Pausing ProtocolHandler ["http-nio-18088"]
29-Jul-2016 10:55:02.911 INFO [Thread-4] org.apache.catalina.core.StandardService.stopInternal Stopping service Catalina
29-Jul-2016 10:55:02.942 WARNING [localhost-startStop-2] org.apache.catalina.loader.WebappClassLoaderBase.clearReferencesJdbc The web application [api] registered the JDBC driver [org.h2.Driver] but failed to unregister it when the web application was stopped. To prevent a memory leak, the JDBC Driver has been forcibly unregistered.
29-Jul-2016 10:55:02.942 WARNING [localhost-startStop-2] org.apache.catalina.loader.WebappClassLoaderBase.clearReferencesJdbc The web application [api] registered the JDBC driver [com.mysql.jdbc.Driver] but failed to unregister it when the web application was stopped. To prevent a memory leak, the JDBC Driver has been forcibly unregistered.
29-Jul-2016 10:55:02.942 WARNING [localhost-startStop-2] org.apache.catalina.loader.WebappClassLoaderBase.clearReferencesJdbc The web application [api] registered the JDBC driver [com.mysql.fabric.jdbc.FabricMySQLDriver] but failed to unregister it when the web application was stopped. To prevent a memory leak, the JDBC Driver has been forcibly unregistered.
29-Jul-2016 10:55:02.942 WARNING [localhost-startStop-2] org.apache.catalina.loader.WebappClassLoaderBase.clearReferencesThreads The web application [api] appears to have started a thread named [FileWatchdog] but has failed to stop it. This is very likely to create a memory leak. Stack trace of thread:
 java.lang.Thread.sleep(Native Method)
 org.apache.log4j.helpers.FileWatchdog.run(FileWatchdog.java:104)
29-Jul-2016 10:55:02.942 WARNING [localhost-startStop-2] org.apache.catalina.loader.WebappClassLoaderBase.clearReferencesThreads The web application [api] appears to have started a thread named [Abandoned connection cleanup thread] but has failed to stop it. This is very likely to create a memory leak. Stack trace of thread:
 java.lang.Object.wait(Native Method)
 java.lang.ref.ReferenceQueue.remove(Unknown Source)
 com.mysql.jdbc.AbandonedConnectionCleanupThread.run(AbandonedConnectionCleanupThread.java:41)
29-Jul-2016 10:55:02.958 INFO [Thread-4] org.apache.coyote.AbstractProtocol.stop Stopping ProtocolHandler ["http-nio-18088"]
29-Jul-2016 10:55:02.958 INFO [Thread-4] org.apache.coyote.AbstractProtocol.destroy Destroying ProtocolHandler ["http-nio-18088"]
29-Jul-2016 10:55:07.085 SEVERE [WrapperSimpleAppMain] org.apache.catalina.startup.Catalina.initDirs Cannot find specified temporary folder at ../tomcat/temp
29-Jul-2016 10:55:07.382 INFO [WrapperSimpleAppMain] org.apache.coyote.AbstractProtocol.init Initializing ProtocolHandler ["http-nio-18088"]
29-Jul-2016 10:55:07.445 INFO [WrapperSimpleAppMain] org.apache.tomcat.util.net.NioSelectorPool.getSharedSelector Using a shared selector for servlet write/read
29-Jul-2016 10:55:07.445 INFO [WrapperSimpleAppMain] org.apache.catalina.startup.Catalina.load Initialization processed in 362 ms
29-Jul-2016 10:55:07.460 INFO [WrapperSimpleAppMain] org.apache.catalina.core.StandardService.startInternal Starting service Catalina
29-Jul-2016 10:55:07.460 INFO [WrapperSimpleAppMain] org.apache.catalina.core.StandardEngine.startInternal Starting Servlet Engine: Apache Tomcat/8.0.15
29-Jul-2016 10:55:13.568 INFO [WrapperSimpleAppMain] org.apache.coyote.AbstractProtocol.start Starting ProtocolHandler ["http-nio-18088"]
29-Jul-2016 10:55:13.584 INFO [WrapperSimpleAppMain] org.apache.catalina.startup.Catalina.start Server startup in 6130 ms
29-Jul-2016 12:11:25.418 INFO [Thread-4] org.apache.coyote.AbstractProtocol.pause Pausing ProtocolHandler ["http-nio-18088"]
29-Jul-2016 12:11:25.425 INFO [Thread-4] org.apache.catalina.core.StandardService.stopInternal Stopping service Catalina
29-Jul-2016 12:11:25.468 WARNING [localhost-startStop-2] org.apache.catalina.loader.WebappClassLoaderBase.clearReferencesJdbc The web application [api] registered the JDBC driver [org.h2.Driver] but failed to unregister it when the web application was stopped. To prevent a memory leak, the JDBC Driver has been forcibly unregistered.
29-Jul-2016 12:11:25.469 WARNING [localhost-startStop-2] org.apache.catalina.loader.WebappClassLoaderBase.clearReferencesJdbc The web application [api] registered the JDBC driver [com.mysql.jdbc.Driver] but failed to unregister it when the web application was stopped. To prevent a memory leak, the JDBC Driver has been forcibly unregistered.
29-Jul-2016 12:11:25.469 WARNING [localhost-startStop-2] org.apache.catalina.loader.WebappClassLoaderBase.clearReferencesJdbc The web application [api] registered the JDBC driver [com.mysql.fabric.jdbc.FabricMySQLDriver] but failed to unregister it when the web application was stopped. To prevent a memory leak, the JDBC Driver has been forcibly unregistered.
29-Jul-2016 12:11:25.470 WARNING [localhost-startStop-2] org.apache.catalina.loader.WebappClassLoaderBase.clearReferencesThreads The web application [api] appears to have started a thread named [FileWatchdog] but has failed to stop it. This is very likely to create a memory leak. Stack trace of thread:
 java.lang.Thread.sleep(Native Method)
 org.apache.log4j.helpers.FileWatchdog.run(FileWatchdog.java:104)
29-Jul-2016 12:11:25.470 WARNING [localhost-startStop-2] org.apache.catalina.loader.WebappClassLoaderBase.clearReferencesThreads The web application [api] appears to have started a thread named [Abandoned connection cleanup thread] but has failed to stop it. This is very likely to create a memory leak. Stack trace of thread:
 java.lang.Object.wait(Native Method)
 java.lang.ref.ReferenceQueue.remove(Unknown Source)
 com.mysql.jdbc.AbandonedConnectionCleanupThread.run(AbandonedConnectionCleanupThread.java:41)
29-Jul-2016 12:11:25.475 INFO [Thread-4] org.apache.coyote.AbstractProtocol.stop Stopping ProtocolHandler ["http-nio-18088"]
29-Jul-2016 12:11:25.482 INFO [Thread-4] org.apache.coyote.AbstractProtocol.destroy Destroying ProtocolHandler ["http-nio-18088"]
29-Jul-2016 16:34:26.619 SEVERE [WrapperSimpleAppMain] org.apache.catalina.startup.Catalina.initDirs Cannot find specified temporary folder at ../tomcat/temp
29-Jul-2016 16:34:26.963 INFO [WrapperSimpleAppMain] org.apache.coyote.AbstractProtocol.init Initializing ProtocolHandler ["http-nio-18088"]
29-Jul-2016 16:34:27.041 INFO [WrapperSimpleAppMain] org.apache.tomcat.util.net.NioSelectorPool.getSharedSelector Using a shared selector for servlet write/read
29-Jul-2016 16:34:27.041 INFO [WrapperSimpleAppMain] org.apache.catalina.startup.Catalina.load Initialization processed in 424 ms
29-Jul-2016 16:34:27.056 INFO [WrapperSimpleAppMain] org.apache.catalina.core.StandardService.startInternal Starting service Catalina
29-Jul-2016 16:34:27.056 INFO [WrapperSimpleAppMain] org.apache.catalina.core.StandardEngine.startInternal Starting Servlet Engine: Apache Tomcat/8.0.15
29-Jul-2016 16:34:32.704 INFO [WrapperSimpleAppMain] org.apache.coyote.AbstractProtocol.start Starting ProtocolHandler ["http-nio-18088"]
29-Jul-2016 16:34:32.720 INFO [WrapperSimpleAppMain] org.apache.catalina.startup.Catalina.start Server startup in 5671 ms
29-Jul-2016 17:12:33.010 INFO [ContainerBackgroundProcessor[StandardEngine[Catalina]]] org.apache.catalina.core.StandardContext.reload Reloading Context with name [/api] has started
29-Jul-2016 17:12:33.026 WARNING [ContainerBackgroundProcessor[StandardEngine[Catalina]]] org.apache.catalina.loader.WebappClassLoaderBase.clearReferencesJdbc The web application [api] registered the JDBC driver [org.h2.Driver] but failed to unregister it when the web application was stopped. To prevent a memory leak, the JDBC Driver has been forcibly unregistered.
29-Jul-2016 17:12:33.026 WARNING [ContainerBackgroundProcessor[StandardEngine[Catalina]]] org.apache.catalina.loader.WebappClassLoaderBase.clearReferencesJdbc The web application [api] registered the JDBC driver [com.mysql.jdbc.Driver] but failed to unregister it when the web application was stopped. To prevent a memory leak, the JDBC Driver has been forcibly unregistered.
29-Jul-2016 17:12:33.026 WARNING [ContainerBackgroundProcessor[StandardEngine[Catalina]]] org.apache.catalina.loader.WebappClassLoaderBase.clearReferencesJdbc The web application [api] registered the JDBC driver [com.mysql.fabric.jdbc.FabricMySQLDriver] but failed to unregister it when the web application was stopped. To prevent a memory leak, the JDBC Driver has been forcibly unregistered.
29-Jul-2016 17:12:33.026 WARNING [ContainerBackgroundProcessor[StandardEngine[Catalina]]] org.apache.catalina.loader.WebappClassLoaderBase.clearReferencesThreads The web application [api] appears to have started a thread named [FileWatchdog] but has failed to stop it. This is very likely to create a memory leak. Stack trace of thread:
 java.lang.Thread.sleep(Native Method)
 org.apache.log4j.helpers.FileWatchdog.run(FileWatchdog.java:104)
29-Jul-2016 17:12:33.026 WARNING [ContainerBackgroundProcessor[StandardEngine[Catalina]]] org.apache.catalina.loader.WebappClassLoaderBase.clearReferencesThreads The web application [api] appears to have started a thread named [Abandoned connection cleanup thread] but has failed to stop it. This is very likely to create a memory leak. Stack trace of thread:
 java.lang.Object.wait(Native Method)
 java.lang.ref.ReferenceQueue.remove(Unknown Source)
 com.mysql.jdbc.AbandonedConnectionCleanupThread.run(AbandonedConnectionCleanupThread.java:41)
29-Jul-2016 17:12:35.794 INFO [Thread-4] org.apache.coyote.AbstractProtocol.pause Pausing ProtocolHandler ["http-nio-18088"]
29-Jul-2016 17:12:35.856 INFO [Thread-4] org.apache.catalina.core.StandardService.stopInternal Stopping service Catalina
29-Jul-2016 17:12:37.184 SEVERE [ContainerBackgroundProcessor[StandardEngine[Catalina]]] org.apache.catalina.core.StandardContext.startInternal Error listenerStart
29-Jul-2016 17:12:37.184 SEVERE [ContainerBackgroundProcessor[StandardEngine[Catalina]]] org.apache.catalina.core.StandardContext.startInternal Context [/api] startup failed due to previous errors
29-Jul-2016 17:12:37.200 WARNING [ContainerBackgroundProcessor[StandardEngine[Catalina]]] org.apache.catalina.loader.WebappClassLoaderBase.clearReferencesThreads The web application [api] appears to have started a thread named [FileWatchdog] but has failed to stop it. This is very likely to create a memory leak. Stack trace of thread:
 java.lang.Thread.sleep(Native Method)
 org.apache.log4j.helpers.FileWatchdog.run(FileWatchdog.java:104)
29-Jul-2016 17:12:37.200 INFO [ContainerBackgroundProcessor[StandardEngine[Catalina]]] org.apache.catalina.core.StandardContext.reload Reloading Context with name [/api] is completed
29-Jul-2016 17:12:37.200 INFO [Thread-4] org.apache.coyote.AbstractProtocol.stop Stopping ProtocolHandler ["http-nio-18088"]
29-Jul-2016 17:12:37.263 INFO [Thread-4] org.apache.coyote.AbstractProtocol.destroy Destroying ProtocolHandler ["http-nio-18088"]
29-Jul-2016 17:13:02.389 SEVERE [WrapperSimpleAppMain] org.apache.catalina.startup.Catalina.initDirs Cannot find specified temporary folder at ../tomcat/temp
29-Jul-2016 17:13:02.674 INFO [WrapperSimpleAppMain] org.apache.coyote.AbstractProtocol.init Initializing ProtocolHandler ["http-nio-18088"]
29-Jul-2016 17:13:02.737 INFO [WrapperSimpleAppMain] org.apache.tomcat.util.net.NioSelectorPool.getSharedSelector Using a shared selector for servlet write/read
29-Jul-2016 17:13:02.737 INFO [WrapperSimpleAppMain] org.apache.catalina.startup.Catalina.load Initialization processed in 353 ms
29-Jul-2016 17:13:02.752 INFO [WrapperSimpleAppMain] org.apache.catalina.core.StandardService.startInternal Starting service Catalina
29-Jul-2016 17:13:02.752 INFO [WrapperSimpleAppMain] org.apache.catalina.core.StandardEngine.startInternal Starting Servlet Engine: Apache Tomcat/8.0.15
29-Jul-2016 17:13:08.362 INFO [WrapperSimpleAppMain] org.apache.coyote.AbstractProtocol.start Starting ProtocolHandler ["http-nio-18088"]
29-Jul-2016 17:13:08.378 INFO [WrapperSimpleAppMain] org.apache.catalina.startup.Catalina.start Server startup in 5637 ms
29-Jul-2016 17:14:41.609 INFO [Thread-4] org.apache.coyote.AbstractProtocol.pause Pausing ProtocolHandler ["http-nio-18088"]
29-Jul-2016 17:14:41.672 INFO [Thread-4] org.apache.catalina.core.StandardService.stopInternal Stopping service Catalina
29-Jul-2016 17:14:41.703 WARNING [localhost-startStop-2] org.apache.catalina.loader.WebappClassLoaderBase.clearReferencesJdbc The web application [api] registered the JDBC driver [org.h2.Driver] but failed to unregister it when the web application was stopped. To prevent a memory leak, the JDBC Driver has been forcibly unregistered.
29-Jul-2016 17:14:41.703 WARNING [localhost-startStop-2] org.apache.catalina.loader.WebappClassLoaderBase.clearReferencesJdbc The web application [api] registered the JDBC driver [com.mysql.jdbc.Driver] but failed to unregister it when the web application was stopped. To prevent a memory leak, the JDBC Driver has been forcibly unregistered.
29-Jul-2016 17:14:41.703 WARNING [localhost-startStop-2] org.apache.catalina.loader.WebappClassLoaderBase.clearReferencesJdbc The web application [api] registered the JDBC driver [com.mysql.fabric.jdbc.FabricMySQLDriver] but failed to unregister it when the web application was stopped. To prevent a memory leak, the JDBC Driver has been forcibly unregistered.
29-Jul-2016 17:14:41.703 WARNING [localhost-startStop-2] org.apache.catalina.loader.WebappClassLoaderBase.clearReferencesThreads The web application [api] appears to have started a thread named [FileWatchdog] but has failed to stop it. This is very likely to create a memory leak. Stack trace of thread:
 java.lang.Thread.sleep(Native Method)
 org.apache.log4j.helpers.FileWatchdog.run(FileWatchdog.java:104)
29-Jul-2016 17:14:41.703 WARNING [localhost-startStop-2] org.apache.catalina.loader.WebappClassLoaderBase.clearReferencesThreads The web application [api] appears to have started a thread named [Abandoned connection cleanup thread] but has failed to stop it. This is very likely to create a memory leak. Stack trace of thread:
 java.lang.Object.wait(Native Method)
 java.lang.ref.ReferenceQueue.remove(Unknown Source)
 com.mysql.jdbc.AbandonedConnectionCleanupThread.run(AbandonedConnectionCleanupThread.java:41)
29-Jul-2016 17:14:41.719 INFO [Thread-4] org.apache.coyote.AbstractProtocol.stop Stopping ProtocolHandler ["http-nio-18088"]
29-Jul-2016 17:14:41.781 INFO [Thread-4] org.apache.coyote.AbstractProtocol.destroy Destroying ProtocolHandler ["http-nio-18088"]
29-Jul-2016 17:15:14.596 SEVERE [WrapperSimpleAppMain] org.apache.catalina.startup.Catalina.initDirs Cannot find specified temporary folder at ../tomcat/temp
29-Jul-2016 17:15:14.893 INFO [WrapperSimpleAppMain] org.apache.coyote.AbstractProtocol.init Initializing ProtocolHandler ["http-nio-18088"]
29-Jul-2016 17:15:14.956 INFO [WrapperSimpleAppMain] org.apache.tomcat.util.net.NioSelectorPool.getSharedSelector Using a shared selector for servlet write/read
29-Jul-2016 17:15:14.956 INFO [WrapperSimpleAppMain] org.apache.catalina.startup.Catalina.load Initialization processed in 355 ms
29-Jul-2016 17:15:14.956 INFO [WrapperSimpleAppMain] org.apache.catalina.core.StandardService.startInternal Starting service Catalina
29-Jul-2016 17:15:14.956 INFO [WrapperSimpleAppMain] org.apache.catalina.core.StandardEngine.startInternal Starting Servlet Engine: Apache Tomcat/8.0.15
29-Jul-2016 17:15:20.782 INFO [WrapperSimpleAppMain] org.apache.coyote.AbstractProtocol.start Starting ProtocolHandler ["http-nio-18088"]
29-Jul-2016 17:15:20.798 INFO [WrapperSimpleAppMain] org.apache.catalina.startup.Catalina.start Server startup in 5840 ms
29-Jul-2016 17:16:24.190 INFO [Thread-4] org.apache.coyote.AbstractProtocol.pause Pausing ProtocolHandler ["http-nio-18088"]
29-Jul-2016 17:16:24.252 INFO [Thread-4] org.apache.catalina.core.StandardService.stopInternal Stopping service Catalina
29-Jul-2016 17:16:24.283 WARNING [localhost-startStop-2] org.apache.catalina.loader.WebappClassLoaderBase.clearReferencesJdbc The web application [api] registered the JDBC driver [org.h2.Driver] but failed to unregister it when the web application was stopped. To prevent a memory leak, the JDBC Driver has been forcibly unregistered.
29-Jul-2016 17:16:24.283 WARNING [localhost-startStop-2] org.apache.catalina.loader.WebappClassLoaderBase.clearReferencesJdbc The web application [api] registered the JDBC driver [com.mysql.jdbc.Driver] but failed to unregister it when the web application was stopped. To prevent a memory leak, the JDBC Driver has been forcibly unregistered.
29-Jul-2016 17:16:24.283 WARNING [localhost-startStop-2] org.apache.catalina.loader.WebappClassLoaderBase.clearReferencesJdbc The web application [api] registered the JDBC driver [com.mysql.fabric.jdbc.FabricMySQLDriver] but failed to unregister it when the web application was stopped. To prevent a memory leak, the JDBC Driver has been forcibly unregistered.
29-Jul-2016 17:16:24.283 WARNING [localhost-startStop-2] org.apache.catalina.loader.WebappClassLoaderBase.clearReferencesThreads The web application [api] appears to have started a thread named [FileWatchdog] but has failed to stop it. This is very likely to create a memory leak. Stack trace of thread:
 java.lang.Thread.sleep(Native Method)
 org.apache.log4j.helpers.FileWatchdog.run(FileWatchdog.java:104)
29-Jul-2016 17:16:24.283 WARNING [localhost-startStop-2] org.apache.catalina.loader.WebappClassLoaderBase.clearReferencesThreads The web application [api] appears to have started a thread named [Abandoned connection cleanup thread] but has failed to stop it. This is very likely to create a memory leak. Stack trace of thread:
 java.lang.Object.wait(Native Method)
 java.lang.ref.ReferenceQueue.remove(Unknown Source)
 com.mysql.jdbc.AbandonedConnectionCleanupThread.run(AbandonedConnectionCleanupThread.java:41)
29-Jul-2016 17:16:24.299 INFO [Thread-4] org.apache.coyote.AbstractProtocol.stop Stopping ProtocolHandler ["http-nio-18088"]
29-Jul-2016 17:16:24.408 INFO [Thread-4] org.apache.coyote.AbstractProtocol.destroy Destroying ProtocolHandler ["http-nio-18088"]
29-Jul-2016 17:16:52.398 SEVERE [WrapperSimpleAppMain] org.apache.catalina.startup.Catalina.initDirs Cannot find specified temporary folder at ../tomcat/temp
29-Jul-2016 17:16:52.695 INFO [WrapperSimpleAppMain] org.apache.coyote.AbstractProtocol.init Initializing ProtocolHandler ["http-nio-18088"]
29-Jul-2016 17:16:52.757 INFO [WrapperSimpleAppMain] org.apache.tomcat.util.net.NioSelectorPool.getSharedSelector Using a shared selector for servlet write/read
29-Jul-2016 17:16:52.757 INFO [WrapperSimpleAppMain] org.apache.catalina.startup.Catalina.load Initialization processed in 356 ms
29-Jul-2016 17:16:52.757 INFO [WrapperSimpleAppMain] org.apache.catalina.core.StandardService.startInternal Starting service Catalina
29-Jul-2016 17:16:52.757 INFO [WrapperSimpleAppMain] org.apache.catalina.core.StandardEngine.startInternal Starting Servlet Engine: Apache Tomcat/8.0.15
29-Jul-2016 17:16:58.956 INFO [WrapperSimpleAppMain] org.apache.coyote.AbstractProtocol.start Starting ProtocolHandler ["http-nio-18088"]
29-Jul-2016 17:16:58.972 INFO [WrapperSimpleAppMain] org.apache.catalina.startup.Catalina.start Server startup in 6217 ms
29-Jul-2016 17:17:56.949 INFO [Thread-4] org.apache.coyote.AbstractProtocol.pause Pausing ProtocolHandler ["http-nio-18088"]
29-Jul-2016 17:17:57.012 INFO [Thread-4] org.apache.catalina.core.StandardService.stopInternal Stopping service Catalina
29-Jul-2016 17:17:57.043 WARNING [localhost-startStop-2] org.apache.catalina.loader.WebappClassLoaderBase.clearReferencesJdbc The web application [api] registered the JDBC driver [org.h2.Driver] but failed to unregister it when the web application was stopped. To prevent a memory leak, the JDBC Driver has been forcibly unregistered.
29-Jul-2016 17:17:57.043 WARNING [localhost-startStop-2] org.apache.catalina.loader.WebappClassLoaderBase.clearReferencesJdbc The web application [api] registered the JDBC driver [com.mysql.jdbc.Driver] but failed to unregister it when the web application was stopped. To prevent a memory leak, the JDBC Driver has been forcibly unregistered.
29-Jul-2016 17:17:57.043 WARNING [localhost-startStop-2] org.apache.catalina.loader.WebappClassLoaderBase.clearReferencesJdbc The web application [api] registered the JDBC driver [com.mysql.fabric.jdbc.FabricMySQLDriver] but failed to unregister it when the web application was stopped. To prevent a memory leak, the JDBC Driver has been forcibly unregistered.
29-Jul-2016 17:17:57.043 WARNING [localhost-startStop-2] org.apache.catalina.loader.WebappClassLoaderBase.clearReferencesThreads The web application [api] appears to have started a thread named [FileWatchdog] but has failed to stop it. This is very likely to create a memory leak. Stack trace of thread:
 java.lang.Thread.sleep(Native Method)
 org.apache.log4j.helpers.FileWatchdog.run(FileWatchdog.java:104)
29-Jul-2016 17:17:57.043 WARNING [localhost-startStop-2] org.apache.catalina.loader.WebappClassLoaderBase.clearReferencesThreads The web application [api] appears to have started a thread named [Abandoned connection cleanup thread] but has failed to stop it. This is very likely to create a memory leak. Stack trace of thread:
 java.lang.Object.wait(Native Method)
 java.lang.ref.ReferenceQueue.remove(Unknown Source)
 com.mysql.jdbc.AbandonedConnectionCleanupThread.run(AbandonedConnectionCleanupThread.java:41)
29-Jul-2016 17:17:57.059 INFO [Thread-4] org.apache.coyote.AbstractProtocol.stop Stopping ProtocolHandler ["http-nio-18088"]
29-Jul-2016 17:17:57.059 INFO [Thread-4] org.apache.coyote.AbstractProtocol.destroy Destroying ProtocolHandler ["http-nio-18088"]
29-Jul-2016 17:19:04.123 SEVERE [WrapperSimpleAppMain] org.apache.catalina.startup.Catalina.initDirs Cannot find specified temporary folder at ../tomcat/temp
29-Jul-2016 17:19:04.435 INFO [WrapperSimpleAppMain] org.apache.coyote.AbstractProtocol.init Initializing ProtocolHandler ["http-nio-18088"]
29-Jul-2016 17:19:04.498 INFO [WrapperSimpleAppMain] org.apache.tomcat.util.net.NioSelectorPool.getSharedSelector Using a shared selector for servlet write/read
29-Jul-2016 17:19:04.498 INFO [WrapperSimpleAppMain] org.apache.catalina.startup.Catalina.load Initialization processed in 368 ms
29-Jul-2016 17:19:04.498 INFO [WrapperSimpleAppMain] org.apache.catalina.core.StandardService.startInternal Starting service Catalina
29-Jul-2016 17:19:04.498 INFO [WrapperSimpleAppMain] org.apache.catalina.core.StandardEngine.startInternal Starting Servlet Engine: Apache Tomcat/8.0.15
29-Jul-2016 17:19:10.529 INFO [WrapperSimpleAppMain] org.apache.coyote.AbstractProtocol.start Starting ProtocolHandler ["http-nio-18088"]
29-Jul-2016 17:19:10.545 INFO [WrapperSimpleAppMain] org.apache.catalina.startup.Catalina.start Server startup in 6048 ms
29-Jul-2016 17:24:08.624 INFO [Thread-4] org.apache.coyote.AbstractProtocol.pause Pausing ProtocolHandler ["http-nio-18088"]
29-Jul-2016 17:24:08.686 INFO [Thread-4] org.apache.catalina.core.StandardService.stopInternal Stopping service Catalina
29-Jul-2016 17:24:09.045 WARNING [localhost-startStop-2] org.apache.catalina.loader.WebappClassLoaderBase.clearReferencesJdbc The web application [api] registered the JDBC driver [org.h2.Driver] but failed to unregister it when the web application was stopped. To prevent a memory leak, the JDBC Driver has been forcibly unregistered.
29-Jul-2016 17:24:09.045 WARNING [localhost-startStop-2] org.apache.catalina.loader.WebappClassLoaderBase.clearReferencesJdbc The web application [api] registered the JDBC driver [com.mysql.jdbc.Driver] but failed to unregister it when the web application was stopped. To prevent a memory leak, the JDBC Driver has been forcibly unregistered.
29-Jul-2016 17:24:09.045 WARNING [localhost-startStop-2] org.apache.catalina.loader.WebappClassLoaderBase.clearReferencesJdbc The web application [api] registered the JDBC driver [com.mysql.fabric.jdbc.FabricMySQLDriver] but failed to unregister it when the web application was stopped. To prevent a memory leak, the JDBC Driver has been forcibly unregistered.
29-Jul-2016 17:24:09.045 WARNING [localhost-startStop-2] org.apache.catalina.loader.WebappClassLoaderBase.clearReferencesThreads The web application [api] appears to have started a thread named [FileWatchdog] but has failed to stop it. This is very likely to create a memory leak. Stack trace of thread:
 java.lang.Thread.sleep(Native Method)
 org.apache.log4j.helpers.FileWatchdog.run(FileWatchdog.java:104)
29-Jul-2016 17:24:09.045 WARNING [localhost-startStop-2] org.apache.catalina.loader.WebappClassLoaderBase.clearReferencesThreads The web application [api] appears to have started a thread named [Abandoned connection cleanup thread] but has failed to stop it. This is very likely to create a memory leak. Stack trace of thread:
 java.lang.Object.wait(Native Method)
 java.lang.ref.ReferenceQueue.remove(Unknown Source)
 com.mysql.jdbc.AbandonedConnectionCleanupThread.run(AbandonedConnectionCleanupThread.java:41)
29-Jul-2016 17:24:09.045 INFO [Thread-4] org.apache.coyote.AbstractProtocol.stop Stopping ProtocolHandler ["http-nio-18088"]
29-Jul-2016 17:24:09.139 INFO [Thread-4] org.apache.coyote.AbstractProtocol.destroy Destroying ProtocolHandler ["http-nio-18088"]
29-Jul-2016 17:24:31.288 SEVERE [WrapperSimpleAppMain] org.apache.catalina.startup.Catalina.initDirs Cannot find specified temporary folder at ../tomcat/temp
29-Jul-2016 17:24:31.616 INFO [WrapperSimpleAppMain] org.apache.coyote.AbstractProtocol.init Initializing ProtocolHandler ["http-nio-18088"]
29-Jul-2016 17:24:31.679 INFO [WrapperSimpleAppMain] org.apache.tomcat.util.net.NioSelectorPool.getSharedSelector Using a shared selector for servlet write/read
29-Jul-2016 17:24:31.679 INFO [WrapperSimpleAppMain] org.apache.catalina.startup.Catalina.load Initialization processed in 393 ms
29-Jul-2016 17:24:31.695 INFO [WrapperSimpleAppMain] org.apache.catalina.core.StandardService.startInternal Starting service Catalina
29-Jul-2016 17:24:31.695 INFO [WrapperSimpleAppMain] org.apache.catalina.core.StandardEngine.startInternal Starting Servlet Engine: Apache Tomcat/8.0.15
29-Jul-2016 17:24:37.359 INFO [WrapperSimpleAppMain] org.apache.coyote.AbstractProtocol.start Starting ProtocolHandler ["http-nio-18088"]
29-Jul-2016 17:24:37.374 INFO [WrapperSimpleAppMain] org.apache.catalina.startup.Catalina.start Server startup in 5692 ms
29-Jul-2016 17:30:49.284 INFO [Thread-4] org.apache.coyote.AbstractProtocol.pause Pausing ProtocolHandler ["http-nio-18088"]
29-Jul-2016 17:30:49.347 INFO [Thread-4] org.apache.catalina.core.StandardService.stopInternal Stopping service Catalina
29-Jul-2016 17:30:49.378 WARNING [localhost-startStop-2] org.apache.catalina.loader.WebappClassLoaderBase.clearReferencesJdbc The web application [api] registered the JDBC driver [org.h2.Driver] but failed to unregister it when the web application was stopped. To prevent a memory leak, the JDBC Driver has been forcibly unregistered.
29-Jul-2016 17:30:49.378 WARNING [localhost-startStop-2] org.apache.catalina.loader.WebappClassLoaderBase.clearReferencesJdbc The web application [api] registered the JDBC driver [com.mysql.jdbc.Driver] but failed to unregister it when the web application was stopped. To prevent a memory leak, the JDBC Driver has been forcibly unregistered.
29-Jul-2016 17:30:49.378 WARNING [localhost-startStop-2] org.apache.catalina.loader.WebappClassLoaderBase.clearReferencesJdbc The web application [api] registered the JDBC driver [com.mysql.fabric.jdbc.FabricMySQLDriver] but failed to unregister it when the web application was stopped. To prevent a memory leak, the JDBC Driver has been forcibly unregistered.
29-Jul-2016 17:30:49.378 WARNING [localhost-startStop-2] org.apache.catalina.loader.WebappClassLoaderBase.clearReferencesThreads The web application [api] appears to have started a thread named [FileWatchdog] but has failed to stop it. This is very likely to create a memory leak. Stack trace of thread:
 java.lang.Thread.sleep(Native Method)
 org.apache.log4j.helpers.FileWatchdog.run(FileWatchdog.java:104)
29-Jul-2016 17:30:49.378 WARNING [localhost-startStop-2] org.apache.catalina.loader.WebappClassLoaderBase.clearReferencesThreads The web application [api] appears to have started a thread named [Abandoned connection cleanup thread] but has failed to stop it. This is very likely to create a memory leak. Stack trace of thread:
 java.lang.Object.wait(Native Method)
 java.lang.ref.ReferenceQueue.remove(Unknown Source)
 com.mysql.jdbc.AbandonedConnectionCleanupThread.run(AbandonedConnectionCleanupThread.java:41)
29-Jul-2016 17:30:49.378 INFO [Thread-4] org.apache.coyote.AbstractProtocol.stop Stopping ProtocolHandler ["http-nio-18088"]
29-Jul-2016 17:30:49.378 INFO [Thread-4] org.apache.coyote.AbstractProtocol.destroy Destroying ProtocolHandler ["http-nio-18088"]
29-Jul-2016 17:31:09.296 SEVERE [WrapperSimpleAppMain] org.apache.catalina.startup.Catalina.initDirs Cannot find specified temporary folder at ../tomcat/temp
29-Jul-2016 17:31:09.608 INFO [WrapperSimpleAppMain] org.apache.coyote.AbstractProtocol.init Initializing ProtocolHandler ["http-nio-18088"]
29-Jul-2016 17:31:09.702 INFO [WrapperSimpleAppMain] org.apache.tomcat.util.net.NioSelectorPool.getSharedSelector Using a shared selector for servlet write/read
29-Jul-2016 17:31:09.702 INFO [WrapperSimpleAppMain] org.apache.catalina.startup.Catalina.load Initialization processed in 399 ms
29-Jul-2016 17:31:09.702 INFO [WrapperSimpleAppMain] org.apache.catalina.core.StandardService.startInternal Starting service Catalina
29-Jul-2016 17:31:09.702 INFO [WrapperSimpleAppMain] org.apache.catalina.core.StandardEngine.startInternal Starting Servlet Engine: Apache Tomcat/8.0.15
29-Jul-2016 17:31:15.920 INFO [WrapperSimpleAppMain] org.apache.coyote.AbstractProtocol.start Starting ProtocolHandler ["http-nio-18088"]
29-Jul-2016 17:31:15.920 INFO [WrapperSimpleAppMain] org.apache.catalina.startup.Catalina.start Server startup in 6227 ms
29-Jul-2016 17:34:06.640 INFO [Thread-4] org.apache.coyote.AbstractProtocol.pause Pausing ProtocolHandler ["http-nio-18088"]
29-Jul-2016 17:34:06.703 INFO [Thread-4] org.apache.catalina.core.StandardService.stopInternal Stopping service Catalina
29-Jul-2016 17:34:06.734 WARNING [localhost-startStop-2] org.apache.catalina.loader.WebappClassLoaderBase.clearReferencesJdbc The web application [api] registered the JDBC driver [org.h2.Driver] but failed to unregister it when the web application was stopped. To prevent a memory leak, the JDBC Driver has been forcibly unregistered.
29-Jul-2016 17:34:06.734 WARNING [localhost-startStop-2] org.apache.catalina.loader.WebappClassLoaderBase.clearReferencesJdbc The web application [api] registered the JDBC driver [com.mysql.jdbc.Driver] but failed to unregister it when the web application was stopped. To prevent a memory leak, the JDBC Driver has been forcibly unregistered.
29-Jul-2016 17:34:06.734 WARNING [localhost-startStop-2] org.apache.catalina.loader.WebappClassLoaderBase.clearReferencesJdbc The web application [api] registered the JDBC driver [com.mysql.fabric.jdbc.FabricMySQLDriver] but failed to unregister it when the web application was stopped. To prevent a memory leak, the JDBC Driver has been forcibly unregistered.
29-Jul-2016 17:34:06.734 WARNING [localhost-startStop-2] org.apache.catalina.loader.WebappClassLoaderBase.clearReferencesThreads The web application [api] appears to have started a thread named [FileWatchdog] but has failed to stop it. This is very likely to create a memory leak. Stack trace of thread:
 java.lang.Thread.sleep(Native Method)
 org.apache.log4j.helpers.FileWatchdog.run(FileWatchdog.java:104)
29-Jul-2016 17:34:06.734 WARNING [localhost-startStop-2] org.apache.catalina.loader.WebappClassLoaderBase.clearReferencesThreads The web application [api] appears to have started a thread named [Abandoned connection cleanup thread] but has failed to stop it. This is very likely to create a memory leak. Stack trace of thread:
 java.lang.Object.wait(Native Method)
 java.lang.ref.ReferenceQueue.remove(Unknown Source)
 com.mysql.jdbc.AbandonedConnectionCleanupThread.run(AbandonedConnectionCleanupThread.java:41)
29-Jul-2016 17:34:06.749 INFO [Thread-4] org.apache.coyote.AbstractProtocol.stop Stopping ProtocolHandler ["http-nio-18088"]
29-Jul-2016 17:34:06.749 INFO [Thread-4] org.apache.coyote.AbstractProtocol.destroy Destroying ProtocolHandler ["http-nio-18088"]
29-Jul-2016 17:34:31.505 SEVERE [WrapperSimpleAppMain] org.apache.catalina.startup.Catalina.initDirs Cannot find specified temporary folder at ../tomcat/temp
29-Jul-2016 17:34:31.817 INFO [WrapperSimpleAppMain] org.apache.coyote.AbstractProtocol.init Initializing ProtocolHandler ["http-nio-18088"]
29-Jul-2016 17:34:31.880 INFO [WrapperSimpleAppMain] org.apache.tomcat.util.net.NioSelectorPool.getSharedSelector Using a shared selector for servlet write/read
29-Jul-2016 17:34:31.880 INFO [WrapperSimpleAppMain] org.apache.catalina.startup.Catalina.load Initialization processed in 370 ms
29-Jul-2016 17:34:31.895 INFO [WrapperSimpleAppMain] org.apache.catalina.core.StandardService.startInternal Starting service Catalina
29-Jul-2016 17:34:31.895 INFO [WrapperSimpleAppMain] org.apache.catalina.core.StandardEngine.startInternal Starting Servlet Engine: Apache Tomcat/8.0.15
29-Jul-2016 17:34:38.015 INFO [WrapperSimpleAppMain] org.apache.coyote.AbstractProtocol.start Starting ProtocolHandler ["http-nio-18088"]
29-Jul-2016 17:34:38.031 INFO [WrapperSimpleAppMain] org.apache.catalina.startup.Catalina.start Server startup in 6153 ms
29-Jul-2016 17:34:55.155 INFO [Thread-4] org.apache.coyote.AbstractProtocol.pause Pausing ProtocolHandler ["http-nio-18088"]
29-Jul-2016 17:34:55.218 INFO [Thread-4] org.apache.catalina.core.StandardService.stopInternal Stopping service Catalina
29-Jul-2016 17:34:55.249 WARNING [localhost-startStop-2] org.apache.catalina.loader.WebappClassLoaderBase.clearReferencesJdbc The web application [api] registered the JDBC driver [org.h2.Driver] but failed to unregister it when the web application was stopped. To prevent a memory leak, the JDBC Driver has been forcibly unregistered.
29-Jul-2016 17:34:55.249 WARNING [localhost-startStop-2] org.apache.catalina.loader.WebappClassLoaderBase.clearReferencesJdbc The web application [api] registered the JDBC driver [com.mysql.jdbc.Driver] but failed to unregister it when the web application was stopped. To prevent a memory leak, the JDBC Driver has been forcibly unregistered.
29-Jul-2016 17:34:55.249 WARNING [localhost-startStop-2] org.apache.catalina.loader.WebappClassLoaderBase.clearReferencesJdbc The web application [api] registered the JDBC driver [com.mysql.fabric.jdbc.FabricMySQLDriver] but failed to unregister it when the web application was stopped. To prevent a memory leak, the JDBC Driver has been forcibly unregistered.
29-Jul-2016 17:34:55.249 WARNING [localhost-startStop-2] org.apache.catalina.loader.WebappClassLoaderBase.clearReferencesThreads The web application [api] appears to have started a thread named [FileWatchdog] but has failed to stop it. This is very likely to create a memory leak. Stack trace of thread:
 java.lang.Thread.sleep(Native Method)
 org.apache.log4j.helpers.FileWatchdog.run(FileWatchdog.java:104)
29-Jul-2016 17:34:55.249 WARNING [localhost-startStop-2] org.apache.catalina.loader.WebappClassLoaderBase.clearReferencesThreads The web application [api] appears to have started a thread named [Abandoned connection cleanup thread] but has failed to stop it. This is very likely to create a memory leak. Stack trace of thread:
 java.lang.Object.wait(Native Method)
 java.lang.ref.ReferenceQueue.remove(Unknown Source)
 com.mysql.jdbc.AbandonedConnectionCleanupThread.run(AbandonedConnectionCleanupThread.java:41)
29-Jul-2016 17:34:55.265 INFO [Thread-4] org.apache.coyote.AbstractProtocol.stop Stopping ProtocolHandler ["http-nio-18088"]
29-Jul-2016 17:34:55.265 INFO [Thread-4] org.apache.coyote.AbstractProtocol.destroy Destroying ProtocolHandler ["http-nio-18088"]
29-Jul-2016 17:35:20.144 SEVERE [WrapperSimpleAppMain] org.apache.catalina.startup.Catalina.initDirs Cannot find specified temporary folder at ../tomcat/temp
29-Jul-2016 17:35:20.441 INFO [WrapperSimpleAppMain] org.apache.coyote.AbstractProtocol.init Initializing ProtocolHandler ["http-nio-18088"]
29-Jul-2016 17:35:20.504 INFO [WrapperSimpleAppMain] org.apache.tomcat.util.net.NioSelectorPool.getSharedSelector Using a shared selector for servlet write/read
29-Jul-2016 17:35:20.504 INFO [WrapperSimpleAppMain] org.apache.catalina.startup.Catalina.load Initialization processed in 360 ms
29-Jul-2016 17:35:20.519 INFO [WrapperSimpleAppMain] org.apache.catalina.core.StandardService.startInternal Starting service Catalina
29-Jul-2016 17:35:20.519 INFO [WrapperSimpleAppMain] org.apache.catalina.core.StandardEngine.startInternal Starting Servlet Engine: Apache Tomcat/8.0.15
29-Jul-2016 17:35:24.144 SEVERE [Catalina-startStop-1] org.apache.catalina.core.ContainerBase.startInternal A child container failed during start
 java.util.concurrent.ExecutionException: org.apache.catalina.LifecycleException: Failed to start component [StandardEngine[Catalina].StandardHost[localhost].StandardContext[/api]]
	at java.util.concurrent.FutureTask.report(Unknown Source)
	at java.util.concurrent.FutureTask.get(Unknown Source)
	at org.apache.catalina.core.ContainerBase.startInternal(ContainerBase.java:917)
	at org.apache.catalina.core.StandardHost.startInternal(StandardHost.java:868)
	at org.apache.catalina.util.LifecycleBase.start(LifecycleBase.java:150)
	at org.apache.catalina.core.ContainerBase$StartChild.call(ContainerBase.java:1409)
	at org.apache.catalina.core.ContainerBase$StartChild.call(ContainerBase.java:1399)
	at java.util.concurrent.FutureTask.run(Unknown Source)
	at java.util.concurrent.ThreadPoolExecutor.runWorker(Unknown Source)
	at java.util.concurrent.ThreadPoolExecutor$Worker.run(Unknown Source)
	at java.lang.Thread.run(Unknown Source)
Caused by: org.apache.catalina.LifecycleException: Failed to start component [StandardEngine[Catalina].StandardHost[localhost].StandardContext[/api]]
	at org.apache.catalina.util.LifecycleBase.start(LifecycleBase.java:154)
	... 6 more
Caused by: java.lang.IllegalArgumentException: Invalid <url-pattern> http://localhost:18088/api/1.0/app/system/account/test in filter mapping
	at org.apache.catalina.core.StandardContext.validateFilterMap(StandardContext.java:2935)
	at org.apache.catalina.core.StandardContext.addFilterMap(StandardContext.java:2884)
	at org.apache.catalina.startup.ContextConfig.configureContext(ContextConfig.java:1271)
	at org.apache.catalina.startup.ContextConfig.webConfig(ContextConfig.java:1176)
	at org.apache.catalina.startup.ContextConfig.configureStart(ContextConfig.java:771)
	at org.apache.catalina.startup.ContextConfig.lifecycleEvent(ContextConfig.java:305)
	at org.apache.catalina.util.LifecycleSupport.fireLifecycleEvent(LifecycleSupport.java:117)
	at org.apache.catalina.util.LifecycleBase.fireLifecycleEvent(LifecycleBase.java:90)
	at org.apache.catalina.core.StandardContext.startInternal(StandardContext.java:5095)
	at org.apache.catalina.util.LifecycleBase.start(LifecycleBase.java:150)
	... 6 more

29-Jul-2016 17:35:24.144 SEVERE [WrapperSimpleAppMain] org.apache.catalina.core.ContainerBase.startInternal A child container failed during start
 java.util.concurrent.ExecutionException: org.apache.catalina.LifecycleException: Failed to start component [StandardEngine[Catalina].StandardHost[localhost]]
	at java.util.concurrent.FutureTask.report(Unknown Source)
	at java.util.concurrent.FutureTask.get(Unknown Source)
	at org.apache.catalina.core.ContainerBase.startInternal(ContainerBase.java:917)
	at org.apache.catalina.core.StandardEngine.startInternal(StandardEngine.java:262)
	at org.apache.catalina.util.LifecycleBase.start(LifecycleBase.java:150)
	at org.apache.catalina.core.StandardService.startInternal(StandardService.java:439)
	at org.apache.catalina.util.LifecycleBase.start(LifecycleBase.java:150)
	at org.apache.catalina.core.StandardServer.startInternal(StandardServer.java:760)
	at org.apache.catalina.util.LifecycleBase.start(LifecycleBase.java:150)
	at org.apache.catalina.startup.Catalina.start(Catalina.java:625)
	at sun.reflect.NativeMethodAccessorImpl.invoke0(Native Method)
	at sun.reflect.NativeMethodAccessorImpl.invoke(Unknown Source)
	at sun.reflect.DelegatingMethodAccessorImpl.invoke(Unknown Source)
	at java.lang.reflect.Method.invoke(Unknown Source)
	at org.apache.catalina.startup.Bootstrap.start(Bootstrap.java:351)
	at org.apache.catalina.startup.Bootstrap.main(Bootstrap.java:485)
	at sun.reflect.NativeMethodAccessorImpl.invoke0(Native Method)
	at sun.reflect.NativeMethodAccessorImpl.invoke(Unknown Source)
	at sun.reflect.DelegatingMethodAccessorImpl.invoke(Unknown Source)
	at java.lang.reflect.Method.invoke(Unknown Source)
	at org.tanukisoftware.wrapper.WrapperSimpleApp.run(WrapperSimpleApp.java:290)
	at java.lang.Thread.run(Unknown Source)
Caused by: org.apache.catalina.LifecycleException: Failed to start component [StandardEngine[Catalina].StandardHost[localhost]]
	at org.apache.catalina.util.LifecycleBase.start(LifecycleBase.java:154)
	at org.apache.catalina.core.ContainerBase$StartChild.call(ContainerBase.java:1409)
	at org.apache.catalina.core.ContainerBase$StartChild.call(ContainerBase.java:1399)
	at java.util.concurrent.FutureTask.run(Unknown Source)
	at java.util.concurrent.ThreadPoolExecutor.runWorker(Unknown Source)
	at java.util.concurrent.ThreadPoolExecutor$Worker.run(Unknown Source)
	... 1 more
Caused by: org.apache.catalina.LifecycleException: A child container failed during start
	at org.apache.catalina.core.ContainerBase.startInternal(ContainerBase.java:925)
	at org.apache.catalina.core.StandardHost.startInternal(StandardHost.java:868)
	at org.apache.catalina.util.LifecycleBase.start(LifecycleBase.java:150)
	... 6 more

29-Jul-2016 17:35:24.223 SEVERE [WrapperSimpleAppMain] org.apache.catalina.startup.Catalina.start The required Server component failed to start so Tomcat is unable to start.
 org.apache.catalina.LifecycleException: Failed to start component [StandardServer[-1]]
	at org.apache.catalina.util.LifecycleBase.start(LifecycleBase.java:154)
	at org.apache.catalina.startup.Catalina.start(Catalina.java:625)
	at sun.reflect.NativeMethodAccessorImpl.invoke0(Native Method)
	at sun.reflect.NativeMethodAccessorImpl.invoke(Unknown Source)
	at sun.reflect.DelegatingMethodAccessorImpl.invoke(Unknown Source)
	at java.lang.reflect.Method.invoke(Unknown Source)
	at org.apache.catalina.startup.Bootstrap.start(Bootstrap.java:351)
	at org.apache.catalina.startup.Bootstrap.main(Bootstrap.java:485)
	at sun.reflect.NativeMethodAccessorImpl.invoke0(Native Method)
	at sun.reflect.NativeMethodAccessorImpl.invoke(Unknown Source)
	at sun.reflect.DelegatingMethodAccessorImpl.invoke(Unknown Source)
	at java.lang.reflect.Method.invoke(Unknown Source)
	at org.tanukisoftware.wrapper.WrapperSimpleApp.run(WrapperSimpleApp.java:290)
	at java.lang.Thread.run(Unknown Source)
Caused by: org.apache.catalina.LifecycleException: Failed to start component [StandardService[Catalina]]
	at org.apache.catalina.util.LifecycleBase.start(LifecycleBase.java:154)
	at org.apache.catalina.core.StandardServer.startInternal(StandardServer.java:760)
	at org.apache.catalina.util.LifecycleBase.start(LifecycleBase.java:150)
	... 13 more
Caused by: org.apache.catalina.LifecycleException: Failed to start component [StandardEngine[Catalina]]
	at org.apache.catalina.util.LifecycleBase.start(LifecycleBase.java:154)
	at org.apache.catalina.core.StandardService.startInternal(StandardService.java:439)
	at org.apache.catalina.util.LifecycleBase.start(LifecycleBase.java:150)
	... 15 more
Caused by: org.apache.catalina.LifecycleException: A child container failed during start
	at org.apache.catalina.core.ContainerBase.startInternal(ContainerBase.java:925)
	at org.apache.catalina.core.StandardEngine.startInternal(StandardEngine.java:262)
	at org.apache.catalina.util.LifecycleBase.start(LifecycleBase.java:150)
	... 17 more

29-Jul-2016 17:35:24.223 INFO [WrapperSimpleAppMain] org.apache.coyote.AbstractProtocol.pause Pausing ProtocolHandler ["http-nio-18088"]
29-Jul-2016 17:35:24.223 INFO [WrapperSimpleAppMain] org.apache.catalina.core.StandardService.stopInternal Stopping service Catalina
29-Jul-2016 17:35:24.223 INFO [WrapperSimpleAppMain] org.apache.coyote.AbstractProtocol.destroy Destroying ProtocolHandler ["http-nio-18088"]
29-Jul-2016 17:35:24.223 SEVERE [WrapperSimpleAppMain] org.apache.coyote.AbstractProtocol.destroy Failed to destroy end point associated with ProtocolHandler ["http-nio-18088"]
 java.lang.NullPointerException
	at org.apache.tomcat.util.net.NioEndpoint.releaseCaches(NioEndpoint.java:307)
	at org.apache.tomcat.util.net.NioEndpoint.unbind(NioEndpoint.java:482)
	at org.apache.tomcat.util.net.AbstractEndpoint.destroy(AbstractEndpoint.java:795)
	at org.apache.coyote.AbstractProtocol.destroy(AbstractProtocol.java:531)
	at org.apache.catalina.connector.Connector.destroyInternal(Connector.java:1023)
	at org.apache.catalina.util.LifecycleBase.destroy(LifecycleBase.java:305)
	at org.apache.catalina.core.StandardService.destroyInternal(StandardService.java:588)
	at org.apache.catalina.util.LifecycleBase.destroy(LifecycleBase.java:305)
	at org.apache.catalina.core.StandardServer.destroyInternal(StandardServer.java:850)
	at org.apache.catalina.util.LifecycleBase.destroy(LifecycleBase.java:305)
	at org.apache.catalina.startup.Catalina.start(Catalina.java:629)
	at sun.reflect.NativeMethodAccessorImpl.invoke0(Native Method)
	at sun.reflect.NativeMethodAccessorImpl.invoke(Unknown Source)
	at sun.reflect.DelegatingMethodAccessorImpl.invoke(Unknown Source)
	at java.lang.reflect.Method.invoke(Unknown Source)
	at org.apache.catalina.startup.Bootstrap.start(Bootstrap.java:351)
	at org.apache.catalina.startup.Bootstrap.main(Bootstrap.java:485)
	at sun.reflect.NativeMethodAccessorImpl.invoke0(Native Method)
	at sun.reflect.NativeMethodAccessorImpl.invoke(Unknown Source)
	at sun.reflect.DelegatingMethodAccessorImpl.invoke(Unknown Source)
	at java.lang.reflect.Method.invoke(Unknown Source)
	at org.tanukisoftware.wrapper.WrapperSimpleApp.run(WrapperSimpleApp.java:290)
	at java.lang.Thread.run(Unknown Source)

29-Jul-2016 17:35:24.269 WARNING [WrapperSimpleAppMain] org.apache.catalina.loader.WebappClassLoaderBase.clearReferencesJdbc The web application [api] registered the JDBC driver [org.h2.Driver] but failed to unregister it when the web application was stopped. To prevent a memory leak, the JDBC Driver has been forcibly unregistered.
29-Jul-2016 17:35:24.269 WARNING [WrapperSimpleAppMain] org.apache.catalina.loader.WebappClassLoaderBase.clearReferencesJdbc The web application [api] registered the JDBC driver [com.mysql.jdbc.Driver] but failed to unregister it when the web application was stopped. To prevent a memory leak, the JDBC Driver has been forcibly unregistered.
29-Jul-2016 17:35:24.269 WARNING [WrapperSimpleAppMain] org.apache.catalina.loader.WebappClassLoaderBase.clearReferencesJdbc The web application [api] registered the JDBC driver [com.mysql.fabric.jdbc.FabricMySQLDriver] but failed to unregister it when the web application was stopped. To prevent a memory leak, the JDBC Driver has been forcibly unregistered.
29-Jul-2016 17:35:24.269 WARNING [WrapperSimpleAppMain] org.apache.catalina.loader.WebappClassLoaderBase.clearReferencesThreads The web application [api] appears to have started a thread named [Abandoned connection cleanup thread] but has failed to stop it. This is very likely to create a memory leak. Stack trace of thread:
 java.lang.Object.wait(Native Method)
 java.lang.ref.ReferenceQueue.remove(Unknown Source)
 com.mysql.jdbc.AbandonedConnectionCleanupThread.run(AbandonedConnectionCleanupThread.java:41)
29-Jul-2016 17:35:58.227 SEVERE [WrapperSimpleAppMain] org.apache.catalina.startup.Catalina.initDirs Cannot find specified temporary folder at ../tomcat/temp
29-Jul-2016 17:35:58.524 INFO [WrapperSimpleAppMain] org.apache.coyote.AbstractProtocol.init Initializing ProtocolHandler ["http-nio-18088"]
29-Jul-2016 17:35:58.587 INFO [WrapperSimpleAppMain] org.apache.tomcat.util.net.NioSelectorPool.getSharedSelector Using a shared selector for servlet write/read
29-Jul-2016 17:35:58.587 INFO [WrapperSimpleAppMain] org.apache.catalina.startup.Catalina.load Initialization processed in 356 ms
29-Jul-2016 17:35:58.587 INFO [WrapperSimpleAppMain] org.apache.catalina.core.StandardService.startInternal Starting service Catalina
29-Jul-2016 17:35:58.587 INFO [WrapperSimpleAppMain] org.apache.catalina.core.StandardEngine.startInternal Starting Servlet Engine: Apache Tomcat/8.0.15
29-Jul-2016 17:36:01.799 SEVERE [Catalina-startStop-1] org.apache.catalina.core.ContainerBase.startInternal A child container failed during start
 java.util.concurrent.ExecutionException: org.apache.catalina.LifecycleException: Failed to start component [StandardEngine[Catalina].StandardHost[localhost].StandardContext[/api]]
	at java.util.concurrent.FutureTask.report(Unknown Source)
	at java.util.concurrent.FutureTask.get(Unknown Source)
	at org.apache.catalina.core.ContainerBase.startInternal(ContainerBase.java:917)
	at org.apache.catalina.core.StandardHost.startInternal(StandardHost.java:868)
	at org.apache.catalina.util.LifecycleBase.start(LifecycleBase.java:150)
	at org.apache.catalina.core.ContainerBase$StartChild.call(ContainerBase.java:1409)
	at org.apache.catalina.core.ContainerBase$StartChild.call(ContainerBase.java:1399)
	at java.util.concurrent.FutureTask.run(Unknown Source)
	at java.util.concurrent.ThreadPoolExecutor.runWorker(Unknown Source)
	at java.util.concurrent.ThreadPoolExecutor$Worker.run(Unknown Source)
	at java.lang.Thread.run(Unknown Source)
Caused by: org.apache.catalina.LifecycleException: Failed to start component [StandardEngine[Catalina].StandardHost[localhost].StandardContext[/api]]
	at org.apache.catalina.util.LifecycleBase.start(LifecycleBase.java:154)
	... 6 more
Caused by: java.lang.IllegalArgumentException: Invalid <url-pattern> http://localhost:18088/api/1.0/app/system/account/test in filter mapping
	at org.apache.catalina.core.StandardContext.validateFilterMap(StandardContext.java:2935)
	at org.apache.catalina.core.StandardContext.addFilterMap(StandardContext.java:2884)
	at org.apache.catalina.startup.ContextConfig.configureContext(ContextConfig.java:1271)
	at org.apache.catalina.startup.ContextConfig.webConfig(ContextConfig.java:1176)
	at org.apache.catalina.startup.ContextConfig.configureStart(ContextConfig.java:771)
	at org.apache.catalina.startup.ContextConfig.lifecycleEvent(ContextConfig.java:305)
	at org.apache.catalina.util.LifecycleSupport.fireLifecycleEvent(LifecycleSupport.java:117)
	at org.apache.catalina.util.LifecycleBase.fireLifecycleEvent(LifecycleBase.java:90)
	at org.apache.catalina.core.StandardContext.startInternal(StandardContext.java:5095)
	at org.apache.catalina.util.LifecycleBase.start(LifecycleBase.java:150)
	... 6 more

29-Jul-2016 17:36:01.799 SEVERE [WrapperSimpleAppMain] org.apache.catalina.core.ContainerBase.startInternal A child container failed during start
 java.util.concurrent.ExecutionException: org.apache.catalina.LifecycleException: Failed to start component [StandardEngine[Catalina].StandardHost[localhost]]
	at java.util.concurrent.FutureTask.report(Unknown Source)
	at java.util.concurrent.FutureTask.get(Unknown Source)
	at org.apache.catalina.core.ContainerBase.startInternal(ContainerBase.java:917)
	at org.apache.catalina.core.StandardEngine.startInternal(StandardEngine.java:262)
	at org.apache.catalina.util.LifecycleBase.start(LifecycleBase.java:150)
	at org.apache.catalina.core.StandardService.startInternal(StandardService.java:439)
	at org.apache.catalina.util.LifecycleBase.start(LifecycleBase.java:150)
	at org.apache.catalina.core.StandardServer.startInternal(StandardServer.java:760)
	at org.apache.catalina.util.LifecycleBase.start(LifecycleBase.java:150)
	at org.apache.catalina.startup.Catalina.start(Catalina.java:625)
	at sun.reflect.NativeMethodAccessorImpl.invoke0(Native Method)
	at sun.reflect.NativeMethodAccessorImpl.invoke(Unknown Source)
	at sun.reflect.DelegatingMethodAccessorImpl.invoke(Unknown Source)
	at java.lang.reflect.Method.invoke(Unknown Source)
	at org.apache.catalina.startup.Bootstrap.start(Bootstrap.java:351)
	at org.apache.catalina.startup.Bootstrap.main(Bootstrap.java:485)
	at sun.reflect.NativeMethodAccessorImpl.invoke0(Native Method)
	at sun.reflect.NativeMethodAccessorImpl.invoke(Unknown Source)
	at sun.reflect.DelegatingMethodAccessorImpl.invoke(Unknown Source)
	at java.lang.reflect.Method.invoke(Unknown Source)
	at org.tanukisoftware.wrapper.WrapperSimpleApp.run(WrapperSimpleApp.java:290)
	at java.lang.Thread.run(Unknown Source)
Caused by: org.apache.catalina.LifecycleException: Failed to start component [StandardEngine[Catalina].StandardHost[localhost]]
	at org.apache.catalina.util.LifecycleBase.start(LifecycleBase.java:154)
	at org.apache.catalina.core.ContainerBase$StartChild.call(ContainerBase.java:1409)
	at org.apache.catalina.core.ContainerBase$StartChild.call(ContainerBase.java:1399)
	at java.util.concurrent.FutureTask.run(Unknown Source)
	at java.util.concurrent.ThreadPoolExecutor.runWorker(Unknown Source)
	at java.util.concurrent.ThreadPoolExecutor$Worker.run(Unknown Source)
	... 1 more
Caused by: org.apache.catalina.LifecycleException: A child container failed during start
	at org.apache.catalina.core.ContainerBase.startInternal(ContainerBase.java:925)
	at org.apache.catalina.core.StandardHost.startInternal(StandardHost.java:868)
	at org.apache.catalina.util.LifecycleBase.start(LifecycleBase.java:150)
	... 6 more

29-Jul-2016 17:36:01.877 SEVERE [WrapperSimpleAppMain] org.apache.catalina.startup.Catalina.start The required Server component failed to start so Tomcat is unable to start.
 org.apache.catalina.LifecycleException: Failed to start component [StandardServer[-1]]
	at org.apache.catalina.util.LifecycleBase.start(LifecycleBase.java:154)
	at org.apache.catalina.startup.Catalina.start(Catalina.java:625)
	at sun.reflect.NativeMethodAccessorImpl.invoke0(Native Method)
	at sun.reflect.NativeMethodAccessorImpl.invoke(Unknown Source)
	at sun.reflect.DelegatingMethodAccessorImpl.invoke(Unknown Source)
	at java.lang.reflect.Method.invoke(Unknown Source)
	at org.apache.catalina.startup.Bootstrap.start(Bootstrap.java:351)
	at org.apache.catalina.startup.Bootstrap.main(Bootstrap.java:485)
	at sun.reflect.NativeMethodAccessorImpl.invoke0(Native Method)
	at sun.reflect.NativeMethodAccessorImpl.invoke(Unknown Source)
	at sun.reflect.DelegatingMethodAccessorImpl.invoke(Unknown Source)
	at java.lang.reflect.Method.invoke(Unknown Source)
	at org.tanukisoftware.wrapper.WrapperSimpleApp.run(WrapperSimpleApp.java:290)
	at java.lang.Thread.run(Unknown Source)
Caused by: org.apache.catalina.LifecycleException: Failed to start component [StandardService[Catalina]]
	at org.apache.catalina.util.LifecycleBase.start(LifecycleBase.java:154)
	at org.apache.catalina.core.StandardServer.startInternal(StandardServer.java:760)
	at org.apache.catalina.util.LifecycleBase.start(LifecycleBase.java:150)
	... 13 more
Caused by: org.apache.catalina.LifecycleException: Failed to start component [StandardEngine[Catalina]]
	at org.apache.catalina.util.LifecycleBase.start(LifecycleBase.java:154)
	at org.apache.catalina.core.StandardService.startInternal(StandardService.java:439)
	at org.apache.catalina.util.LifecycleBase.start(LifecycleBase.java:150)
	... 15 more
Caused by: org.apache.catalina.LifecycleException: A child container failed during start
	at org.apache.catalina.core.ContainerBase.startInternal(ContainerBase.java:925)
	at org.apache.catalina.core.StandardEngine.startInternal(StandardEngine.java:262)
	at org.apache.catalina.util.LifecycleBase.start(LifecycleBase.java:150)
	... 17 more

29-Jul-2016 17:36:01.877 INFO [WrapperSimpleAppMain] org.apache.coyote.AbstractProtocol.pause Pausing ProtocolHandler ["http-nio-18088"]
29-Jul-2016 17:36:01.877 INFO [WrapperSimpleAppMain] org.apache.catalina.core.StandardService.stopInternal Stopping service Catalina
29-Jul-2016 17:36:01.877 INFO [WrapperSimpleAppMain] org.apache.coyote.AbstractProtocol.destroy Destroying ProtocolHandler ["http-nio-18088"]
29-Jul-2016 17:36:01.877 SEVERE [WrapperSimpleAppMain] org.apache.coyote.AbstractProtocol.destroy Failed to destroy end point associated with ProtocolHandler ["http-nio-18088"]
 java.lang.NullPointerException
	at org.apache.tomcat.util.net.NioEndpoint.releaseCaches(NioEndpoint.java:307)
	at org.apache.tomcat.util.net.NioEndpoint.unbind(NioEndpoint.java:482)
	at org.apache.tomcat.util.net.AbstractEndpoint.destroy(AbstractEndpoint.java:795)
	at org.apache.coyote.AbstractProtocol.destroy(AbstractProtocol.java:531)
	at org.apache.catalina.connector.Connector.destroyInternal(Connector.java:1023)
	at org.apache.catalina.util.LifecycleBase.destroy(LifecycleBase.java:305)
	at org.apache.catalina.core.StandardService.destroyInternal(StandardService.java:588)
	at org.apache.catalina.util.LifecycleBase.destroy(LifecycleBase.java:305)
	at org.apache.catalina.core.StandardServer.destroyInternal(StandardServer.java:850)
	at org.apache.catalina.util.LifecycleBase.destroy(LifecycleBase.java:305)
	at org.apache.catalina.startup.Catalina.start(Catalina.java:629)
	at sun.reflect.NativeMethodAccessorImpl.invoke0(Native Method)
	at sun.reflect.NativeMethodAccessorImpl.invoke(Unknown Source)
	at sun.reflect.DelegatingMethodAccessorImpl.invoke(Unknown Source)
	at java.lang.reflect.Method.invoke(Unknown Source)
	at org.apache.catalina.startup.Bootstrap.start(Bootstrap.java:351)
	at org.apache.catalina.startup.Bootstrap.main(Bootstrap.java:485)
	at sun.reflect.NativeMethodAccessorImpl.invoke0(Native Method)
	at sun.reflect.NativeMethodAccessorImpl.invoke(Unknown Source)
	at sun.reflect.DelegatingMethodAccessorImpl.invoke(Unknown Source)
	at java.lang.reflect.Method.invoke(Unknown Source)
	at org.tanukisoftware.wrapper.WrapperSimpleApp.run(WrapperSimpleApp.java:290)
	at java.lang.Thread.run(Unknown Source)

29-Jul-2016 17:36:01.909 WARNING [WrapperSimpleAppMain] org.apache.catalina.loader.WebappClassLoaderBase.clearReferencesJdbc The web application [api] registered the JDBC driver [org.h2.Driver] but failed to unregister it when the web application was stopped. To prevent a memory leak, the JDBC Driver has been forcibly unregistered.
29-Jul-2016 17:36:01.909 WARNING [WrapperSimpleAppMain] org.apache.catalina.loader.WebappClassLoaderBase.clearReferencesJdbc The web application [api] registered the JDBC driver [com.mysql.jdbc.Driver] but failed to unregister it when the web application was stopped. To prevent a memory leak, the JDBC Driver has been forcibly unregistered.
29-Jul-2016 17:36:01.909 WARNING [WrapperSimpleAppMain] org.apache.catalina.loader.WebappClassLoaderBase.clearReferencesJdbc The web application [api] registered the JDBC driver [com.mysql.fabric.jdbc.FabricMySQLDriver] but failed to unregister it when the web application was stopped. To prevent a memory leak, the JDBC Driver has been forcibly unregistered.
29-Jul-2016 17:36:01.924 WARNING [WrapperSimpleAppMain] org.apache.catalina.loader.WebappClassLoaderBase.clearReferencesThreads The web application [api] appears to have started a thread named [Abandoned connection cleanup thread] but has failed to stop it. This is very likely to create a memory leak. Stack trace of thread:
 java.lang.Object.wait(Native Method)
 java.lang.ref.ReferenceQueue.remove(Unknown Source)
 com.mysql.jdbc.AbandonedConnectionCleanupThread.run(AbandonedConnectionCleanupThread.java:41)
29-Jul-2016 17:37:02.462 SEVERE [WrapperSimpleAppMain] org.apache.catalina.startup.Catalina.initDirs Cannot find specified temporary folder at ../tomcat/temp
29-Jul-2016 17:37:02.759 INFO [WrapperSimpleAppMain] org.apache.coyote.AbstractProtocol.init Initializing ProtocolHandler ["http-nio-18088"]
29-Jul-2016 17:37:02.822 INFO [WrapperSimpleAppMain] org.apache.tomcat.util.net.NioSelectorPool.getSharedSelector Using a shared selector for servlet write/read
29-Jul-2016 17:37:02.822 INFO [WrapperSimpleAppMain] org.apache.catalina.startup.Catalina.load Initialization processed in 365 ms
29-Jul-2016 17:37:02.837 INFO [WrapperSimpleAppMain] org.apache.catalina.core.StandardService.startInternal Starting service Catalina
29-Jul-2016 17:37:02.837 INFO [WrapperSimpleAppMain] org.apache.catalina.core.StandardEngine.startInternal Starting Servlet Engine: Apache Tomcat/8.0.15
29-Jul-2016 17:37:08.464 INFO [WrapperSimpleAppMain] org.apache.coyote.AbstractProtocol.start Starting ProtocolHandler ["http-nio-18088"]
29-Jul-2016 17:37:08.464 INFO [WrapperSimpleAppMain] org.apache.catalina.startup.Catalina.start Server startup in 5638 ms
29-Jul-2016 17:41:11.765 INFO [Thread-4] org.apache.coyote.AbstractProtocol.pause Pausing ProtocolHandler ["http-nio-18088"]
29-Jul-2016 17:41:11.824 INFO [Thread-4] org.apache.catalina.core.StandardService.stopInternal Stopping service Catalina
29-Jul-2016 17:41:11.856 WARNING [localhost-startStop-2] org.apache.catalina.loader.WebappClassLoaderBase.clearReferencesJdbc The web application [api] registered the JDBC driver [org.h2.Driver] but failed to unregister it when the web application was stopped. To prevent a memory leak, the JDBC Driver has been forcibly unregistered.
29-Jul-2016 17:41:11.856 WARNING [localhost-startStop-2] org.apache.catalina.loader.WebappClassLoaderBase.clearReferencesJdbc The web application [api] registered the JDBC driver [com.mysql.jdbc.Driver] but failed to unregister it when the web application was stopped. To prevent a memory leak, the JDBC Driver has been forcibly unregistered.
29-Jul-2016 17:41:11.856 WARNING [localhost-startStop-2] org.apache.catalina.loader.WebappClassLoaderBase.clearReferencesJdbc The web application [api] registered the JDBC driver [com.mysql.fabric.jdbc.FabricMySQLDriver] but failed to unregister it when the web application was stopped. To prevent a memory leak, the JDBC Driver has been forcibly unregistered.
29-Jul-2016 17:41:11.856 WARNING [localhost-startStop-2] org.apache.catalina.loader.WebappClassLoaderBase.clearReferencesThreads The web application [api] appears to have started a thread named [FileWatchdog] but has failed to stop it. This is very likely to create a memory leak. Stack trace of thread:
 java.lang.Thread.sleep(Native Method)
 org.apache.log4j.helpers.FileWatchdog.run(FileWatchdog.java:104)
29-Jul-2016 17:41:11.856 WARNING [localhost-startStop-2] org.apache.catalina.loader.WebappClassLoaderBase.clearReferencesThreads The web application [api] appears to have started a thread named [Abandoned connection cleanup thread] but has failed to stop it. This is very likely to create a memory leak. Stack trace of thread:
 java.lang.Object.wait(Native Method)
 java.lang.ref.ReferenceQueue.remove(Unknown Source)
 com.mysql.jdbc.AbandonedConnectionCleanupThread.run(AbandonedConnectionCleanupThread.java:41)
29-Jul-2016 17:41:11.856 INFO [Thread-4] org.apache.coyote.AbstractProtocol.stop Stopping ProtocolHandler ["http-nio-18088"]
29-Jul-2016 17:41:11.856 INFO [Thread-4] org.apache.coyote.AbstractProtocol.destroy Destroying ProtocolHandler ["http-nio-18088"]
29-Jul-2016 17:41:38.580 SEVERE [WrapperSimpleAppMain] org.apache.catalina.startup.Catalina.initDirs Cannot find specified temporary folder at ../tomcat/temp
29-Jul-2016 17:41:38.877 INFO [WrapperSimpleAppMain] org.apache.coyote.AbstractProtocol.init Initializing ProtocolHandler ["http-nio-18088"]
29-Jul-2016 17:41:38.940 INFO [WrapperSimpleAppMain] org.apache.tomcat.util.net.NioSelectorPool.getSharedSelector Using a shared selector for servlet write/read
29-Jul-2016 17:41:38.940 INFO [WrapperSimpleAppMain] org.apache.catalina.startup.Catalina.load Initialization processed in 358 ms
29-Jul-2016 17:41:38.940 INFO [WrapperSimpleAppMain] org.apache.catalina.core.StandardService.startInternal Starting service Catalina
29-Jul-2016 17:41:38.940 INFO [WrapperSimpleAppMain] org.apache.catalina.core.StandardEngine.startInternal Starting Servlet Engine: Apache Tomcat/8.0.15
29-Jul-2016 17:41:44.509 INFO [WrapperSimpleAppMain] org.apache.coyote.AbstractProtocol.start Starting ProtocolHandler ["http-nio-18088"]
29-Jul-2016 17:41:44.525 INFO [WrapperSimpleAppMain] org.apache.catalina.startup.Catalina.start Server startup in 5582 ms
