30-Jun-2016 09:28:19.843 INFO [localhost-startStop-1] org.apache.catalina.core.ApplicationContext.log No Spring WebApplicationInitializer types detected on classpath
30-Jun-2016 09:28:19.861 INFO [localhost-startStop-1] org.apache.catalina.core.ApplicationContext.log Set web app root system property: 'webapp.root' = [F:\New_Thread\Git_NTP_APQTS_Code_Mid_MIS_Simp\AGP\application\web]
30-Jun-2016 09:28:19.905 INFO [localhost-startStop-1] org.apache.catalina.core.ApplicationContext.log Initializing log4j from [F:\New_Thread\Git_NTP_APQTS_Code_Mid_MIS_Simp\AGP\application\web\WEB-INF\log4j.properties]
30-Jun-2016 09:28:20.548 INFO [localhost-startStop-1] org.apache.catalina.core.ApplicationContext.log Initializing Spring root WebApplicationContext
30-Jun-2016 09:28:22.835 INFO [localhost-startStop-1] org.apache.catalina.core.ApplicationContext.log Initializing Spring FrameworkServlet 'view'
30-Jun-2016 09:28:23.007 INFO [localhost-startStop-1] org.apache.catalina.core.ApplicationContext.log Initializing Spring FrameworkServlet 'service_dispatcher'
30-Jun-2016 09:57:47.592 INFO [localhost-startStop-2] org.apache.catalina.core.ApplicationContext.log Destroying Spring FrameworkServlet 'view'
30-Jun-2016 09:57:47.607 INFO [localhost-startStop-2] org.apache.catalina.core.ApplicationContext.log Destroying Spring FrameworkServlet 'service_dispatcher'
30-Jun-2016 09:57:47.618 INFO [localhost-startStop-2] org.apache.catalina.core.ApplicationContext.log Closing Spring root WebApplicationContext
30-Jun-2016 09:57:47.624 INFO [localhost-startStop-2] org.apache.catalina.core.ApplicationContext.log Shutting down log4j
30-Jun-2016 10:23:55.492 INFO [localhost-startStop-1] org.apache.catalina.core.ApplicationContext.log No Spring WebApplicationInitializer types detected on classpath
30-Jun-2016 10:23:55.511 INFO [localhost-startStop-1] org.apache.catalina.core.ApplicationContext.log Set web app root system property: 'webapp.root' = [F:\New_Thread\Git_NTP_APQTS_Code_Mid_MIS_Simp\AGP\application\web]
30-Jun-2016 10:23:55.555 INFO [localhost-startStop-1] org.apache.catalina.core.ApplicationContext.log Initializing log4j from [F:\New_Thread\Git_NTP_APQTS_Code_Mid_MIS_Simp\AGP\application\web\WEB-INF\log4j.properties]
30-Jun-2016 10:23:56.077 INFO [localhost-startStop-1] org.apache.catalina.core.ApplicationContext.log Initializing Spring root WebApplicationContext
30-Jun-2016 10:23:57.708 INFO [localhost-startStop-1] org.apache.catalina.core.ApplicationContext.log Initializing Spring FrameworkServlet 'view'
30-Jun-2016 10:23:57.866 INFO [localhost-startStop-1] org.apache.catalina.core.ApplicationContext.log Initializing Spring FrameworkServlet 'service_dispatcher'
30-Jun-2016 10:37:34.363 INFO [localhost-startStop-2] org.apache.catalina.core.ApplicationContext.log Destroying Spring FrameworkServlet 'view'
30-Jun-2016 10:37:34.374 INFO [localhost-startStop-2] org.apache.catalina.core.ApplicationContext.log Destroying Spring FrameworkServlet 'service_dispatcher'
30-Jun-2016 10:37:34.382 INFO [localhost-startStop-2] org.apache.catalina.core.ApplicationContext.log Closing Spring root WebApplicationContext
30-Jun-2016 10:37:34.388 INFO [localhost-startStop-2] org.apache.catalina.core.ApplicationContext.log Shutting down log4j
30-Jun-2016 10:40:06.789 INFO [localhost-startStop-1] org.apache.catalina.core.ApplicationContext.log No Spring WebApplicationInitializer types detected on classpath
30-Jun-2016 10:40:06.807 INFO [localhost-startStop-1] org.apache.catalina.core.ApplicationContext.log Set web app root system property: 'webapp.root' = [F:\New_Thread\Git_NTP_APQTS_Code_Mid_MIS_Simp\AGP\application\web]
30-Jun-2016 10:40:06.854 INFO [localhost-startStop-1] org.apache.catalina.core.ApplicationContext.log Initializing log4j from [F:\New_Thread\Git_NTP_APQTS_Code_Mid_MIS_Simp\AGP\application\web\WEB-INF\log4j.properties]
30-Jun-2016 10:40:07.363 INFO [localhost-startStop-1] org.apache.catalina.core.ApplicationContext.log Initializing Spring root WebApplicationContext
30-Jun-2016 10:40:08.963 INFO [localhost-startStop-1] org.apache.catalina.core.ApplicationContext.log Initializing Spring FrameworkServlet 'view'
30-Jun-2016 10:40:09.127 INFO [localhost-startStop-1] org.apache.catalina.core.ApplicationContext.log Initializing Spring FrameworkServlet 'service_dispatcher'
30-Jun-2016 10:59:12.249 INFO [localhost-startStop-2] org.apache.catalina.core.ApplicationContext.log Destroying Spring FrameworkServlet 'view'
30-Jun-2016 10:59:12.261 INFO [localhost-startStop-2] org.apache.catalina.core.ApplicationContext.log Destroying Spring FrameworkServlet 'service_dispatcher'
30-Jun-2016 10:59:12.272 INFO [localhost-startStop-2] org.apache.catalina.core.ApplicationContext.log Closing Spring root WebApplicationContext
30-Jun-2016 10:59:12.277 INFO [localhost-startStop-2] org.apache.catalina.core.ApplicationContext.log Shutting down log4j
30-Jun-2016 15:31:28.833 INFO [localhost-startStop-1] org.apache.catalina.core.ApplicationContext.log No Spring WebApplicationInitializer types detected on classpath
30-Jun-2016 15:31:28.858 INFO [localhost-startStop-1] org.apache.catalina.core.ApplicationContext.log Set web app root system property: 'webapp.root' = [F:\New_Thread\Git_NTP_APQTS_Code_Mid_MIS_Simp\AGP\application\web]
30-Jun-2016 15:31:28.909 INFO [localhost-startStop-1] org.apache.catalina.core.ApplicationContext.log Initializing log4j from [F:\New_Thread\Git_NTP_APQTS_Code_Mid_MIS_Simp\AGP\application\web\WEB-INF\log4j.properties]
30-Jun-2016 15:31:29.454 INFO [localhost-startStop-1] org.apache.catalina.core.ApplicationContext.log Initializing Spring root WebApplicationContext
30-Jun-2016 15:31:31.221 INFO [localhost-startStop-1] org.apache.catalina.core.ApplicationContext.log Initializing Spring FrameworkServlet 'view'
30-Jun-2016 15:31:31.407 INFO [localhost-startStop-1] org.apache.catalina.core.ApplicationContext.log Initializing Spring FrameworkServlet 'service_dispatcher'
30-Jun-2016 15:36:07.592 INFO [localhost-startStop-2] org.apache.catalina.core.ApplicationContext.log Destroying Spring FrameworkServlet 'view'
30-Jun-2016 15:36:07.600 INFO [localhost-startStop-2] org.apache.catalina.core.ApplicationContext.log Destroying Spring FrameworkServlet 'service_dispatcher'
30-Jun-2016 15:36:07.610 INFO [localhost-startStop-2] org.apache.catalina.core.ApplicationContext.log Closing Spring root WebApplicationContext
30-Jun-2016 15:36:07.615 INFO [localhost-startStop-2] org.apache.catalina.core.ApplicationContext.log Shutting down log4j
30-Jun-2016 15:36:41.822 INFO [localhost-startStop-1] org.apache.catalina.core.ApplicationContext.log No Spring WebApplicationInitializer types detected on classpath
30-Jun-2016 15:36:41.847 INFO [localhost-startStop-1] org.apache.catalina.core.ApplicationContext.log Set web app root system property: 'webapp.root' = [F:\New_Thread\Git_NTP_APQTS_Code_Mid_MIS_Simp\AGP\application\web]
30-Jun-2016 15:36:41.892 INFO [localhost-startStop-1] org.apache.catalina.core.ApplicationContext.log Initializing log4j from [F:\New_Thread\Git_NTP_APQTS_Code_Mid_MIS_Simp\AGP\application\web\WEB-INF\log4j.properties]
30-Jun-2016 15:36:42.404 INFO [localhost-startStop-1] org.apache.catalina.core.ApplicationContext.log Initializing Spring root WebApplicationContext
30-Jun-2016 15:36:43.996 INFO [localhost-startStop-1] org.apache.catalina.core.ApplicationContext.log Initializing Spring FrameworkServlet 'view'
30-Jun-2016 15:36:44.157 INFO [localhost-startStop-1] org.apache.catalina.core.ApplicationContext.log Initializing Spring FrameworkServlet 'service_dispatcher'
30-Jun-2016 15:39:56.673 INFO [localhost-startStop-2] org.apache.catalina.core.ApplicationContext.log Destroying Spring FrameworkServlet 'view'
30-Jun-2016 15:39:56.683 INFO [localhost-startStop-2] org.apache.catalina.core.ApplicationContext.log Destroying Spring FrameworkServlet 'service_dispatcher'
30-Jun-2016 15:39:56.693 INFO [localhost-startStop-2] org.apache.catalina.core.ApplicationContext.log Closing Spring root WebApplicationContext
30-Jun-2016 15:39:56.698 INFO [localhost-startStop-2] org.apache.catalina.core.ApplicationContext.log Shutting down log4j
30-Jun-2016 15:40:35.893 INFO [localhost-startStop-1] org.apache.catalina.core.ApplicationContext.log No Spring WebApplicationInitializer types detected on classpath
30-Jun-2016 15:40:35.915 INFO [localhost-startStop-1] org.apache.catalina.core.ApplicationContext.log Set web app root system property: 'webapp.root' = [F:\New_Thread\Git_NTP_APQTS_Code_Mid_MIS_Simp\AGP\application\web]
30-Jun-2016 15:40:35.963 INFO [localhost-startStop-1] org.apache.catalina.core.ApplicationContext.log Initializing log4j from [F:\New_Thread\Git_NTP_APQTS_Code_Mid_MIS_Simp\AGP\application\web\WEB-INF\log4j.properties]
30-Jun-2016 15:40:36.507 INFO [localhost-startStop-1] org.apache.catalina.core.ApplicationContext.log Initializing Spring root WebApplicationContext
30-Jun-2016 15:40:38.352 INFO [localhost-startStop-1] org.apache.catalina.core.ApplicationContext.log Initializing Spring FrameworkServlet 'view'
30-Jun-2016 15:40:38.552 INFO [localhost-startStop-1] org.apache.catalina.core.ApplicationContext.log Initializing Spring FrameworkServlet 'service_dispatcher'
30-Jun-2016 15:44:55.981 INFO [localhost-startStop-2] org.apache.catalina.core.ApplicationContext.log Destroying Spring FrameworkServlet 'view'
30-Jun-2016 15:44:55.988 INFO [localhost-startStop-2] org.apache.catalina.core.ApplicationContext.log Destroying Spring FrameworkServlet 'service_dispatcher'
30-Jun-2016 15:44:55.997 INFO [localhost-startStop-2] org.apache.catalina.core.ApplicationContext.log Closing Spring root WebApplicationContext
30-Jun-2016 15:44:56.011 INFO [localhost-startStop-2] org.apache.catalina.core.ApplicationContext.log Shutting down log4j
30-Jun-2016 15:45:29.488 INFO [localhost-startStop-1] org.apache.catalina.core.ApplicationContext.log No Spring WebApplicationInitializer types detected on classpath
30-Jun-2016 15:45:29.506 INFO [localhost-startStop-1] org.apache.catalina.core.ApplicationContext.log Set web app root system property: 'webapp.root' = [F:\New_Thread\Git_NTP_APQTS_Code_Mid_MIS_Simp\AGP\application\web]
30-Jun-2016 15:45:29.554 INFO [localhost-startStop-1] org.apache.catalina.core.ApplicationContext.log Initializing log4j from [F:\New_Thread\Git_NTP_APQTS_Code_Mid_MIS_Simp\AGP\application\web\WEB-INF\log4j.properties]
30-Jun-2016 15:45:30.106 INFO [localhost-startStop-1] org.apache.catalina.core.ApplicationContext.log Initializing Spring root WebApplicationContext
30-Jun-2016 15:45:31.805 INFO [localhost-startStop-1] org.apache.catalina.core.ApplicationContext.log Initializing Spring FrameworkServlet 'view'
30-Jun-2016 15:45:31.972 INFO [localhost-startStop-1] org.apache.catalina.core.ApplicationContext.log Initializing Spring FrameworkServlet 'service_dispatcher'
30-Jun-2016 17:00:58.895 INFO [localhost-startStop-1] org.apache.catalina.core.ApplicationContext.log No Spring WebApplicationInitializer types detected on classpath
30-Jun-2016 17:00:58.913 INFO [localhost-startStop-1] org.apache.catalina.core.ApplicationContext.log Set web app root system property: 'webapp.root' = [F:\New_Thread\Git_NTP_APQTS_Code_Mid_MIS_Simp\AGP\application\web]
30-Jun-2016 17:00:58.959 INFO [localhost-startStop-1] org.apache.catalina.core.ApplicationContext.log Initializing log4j from [F:\New_Thread\Git_NTP_APQTS_Code_Mid_MIS_Simp\AGP\application\web\WEB-INF\log4j.properties]
30-Jun-2016 17:00:59.480 INFO [localhost-startStop-1] org.apache.catalina.core.ApplicationContext.log Initializing Spring root WebApplicationContext
30-Jun-2016 17:01:01.718 INFO [localhost-startStop-1] org.apache.catalina.core.ApplicationContext.log Initializing Spring FrameworkServlet 'view'
30-Jun-2016 17:01:01.998 INFO [localhost-startStop-1] org.apache.catalina.core.ApplicationContext.log Initializing Spring FrameworkServlet 'service_dispatcher'
30-Jun-2016 17:03:39.485 INFO [localhost-startStop-2] org.apache.catalina.core.ApplicationContext.log Destroying Spring FrameworkServlet 'view'
30-Jun-2016 17:03:39.495 INFO [localhost-startStop-2] org.apache.catalina.core.ApplicationContext.log Destroying Spring FrameworkServlet 'service_dispatcher'
30-Jun-2016 17:03:39.503 INFO [localhost-startStop-2] org.apache.catalina.core.ApplicationContext.log Closing Spring root WebApplicationContext
30-Jun-2016 17:03:39.510 INFO [localhost-startStop-2] org.apache.catalina.core.ApplicationContext.log Shutting down log4j
30-Jun-2016 17:04:14.598 INFO [localhost-startStop-1] org.apache.catalina.core.ApplicationContext.log No Spring WebApplicationInitializer types detected on classpath
30-Jun-2016 17:04:14.616 INFO [localhost-startStop-1] org.apache.catalina.core.ApplicationContext.log Set web app root system property: 'webapp.root' = [F:\New_Thread\Git_NTP_APQTS_Code_Mid_MIS_Simp\AGP\application\web]
30-Jun-2016 17:04:14.663 INFO [localhost-startStop-1] org.apache.catalina.core.ApplicationContext.log Initializing log4j from [F:\New_Thread\Git_NTP_APQTS_Code_Mid_MIS_Simp\AGP\application\web\WEB-INF\log4j.properties]
30-Jun-2016 17:04:15.294 INFO [localhost-startStop-1] org.apache.catalina.core.ApplicationContext.log Initializing Spring root WebApplicationContext
30-Jun-2016 17:04:16.939 INFO [localhost-startStop-1] org.apache.catalina.core.ApplicationContext.log Initializing Spring FrameworkServlet 'view'
30-Jun-2016 17:04:17.108 INFO [localhost-startStop-1] org.apache.catalina.core.ApplicationContext.log Initializing Spring FrameworkServlet 'service_dispatcher'
